Log file open, 07/25/22 16:09:49
LogWindows: Failed to load 'aqProf.dll' (GetLastError=126)
LogWindows: File 'aqProf.dll' does not exist
LogWindows: Failed to load 'VtuneApi.dll' (GetLastError=126)
LogWindows: File 'VtuneApi.dll' does not exist
LogWindows: Failed to load 'VtuneApi32e.dll' (GetLastError=126)
LogWindows: File 'VtuneApi32e.dll' does not exist
LogConsoleResponse: Display: Failed to find resolution value strings in scalability ini. Falling back to default.
LogConsoleResponse: Display: Failed to find resolution value strings in scalability ini. Falling back to default.
LogInit: Display: Running engine for game: 策略组的游戏
LogPlatformFile: Not using cached read wrapper
LogTaskGraph: Started task graph with 5 named threads and 47 total threads with 3 sets of task threads.
LogStats: Stats thread started at 0.248042
LogICUInternationalization: ICU TimeZone Detection - Raw Offset: +8:00, Platform Override: ''
LogInit: Display: Loading text-based GConfig....
LogPluginManager: Mounting plugin MeshPainting
LogPluginManager: Mounting plugin XGEController
LogPluginManager: Mounting plugin Paper2D
LogPluginManager: Mounting plugin LiveLink
LogPluginManager: Mounting plugin AISupport
LogPluginManager: Mounting plugin LightPropagationVolume
LogPluginManager: Mounting plugin EnvironmentQueryEditor
LogPluginManager: Mounting plugin CameraShakePreviewer
LogPluginManager: Mounting plugin GameplayCameras
LogPluginManager: Mounting plugin AnimationSharing
LogPluginManager: Mounting plugin CLionSourceCodeAccess
LogPluginManager: Mounting plugin CodeLiteSourceCodeAccess
LogPluginManager: Mounting plugin GitSourceControl
LogPluginManager: Mounting plugin KDevelopSourceCodeAccess
LogPluginManager: Mounting plugin PixWinPlugin
LogPluginManager: Mounting plugin NullSourceCodeAccess
LogPluginManager: Mounting plugin PluginUtils
LogPluginManager: Mounting plugin PlasticSourceControl
LogPluginManager: Mounting plugin PerforceSourceControl
LogPluginManager: Mounting plugin PropertyAccessNode
LogPluginManager: Mounting plugin RiderSourceCodeAccess
LogPluginManager: Mounting plugin OodleNetwork
LogPluginManager: Mounting plugin OodleData
LogPluginManager: Mounting plugin AssetManagerEditor
LogPluginManager: Mounting plugin SubversionSourceControl
LogPluginManager: Mounting plugin TextureFormatOodle
LogPluginManager: Mounting plugin UObjectPlugin
LogPluginManager: Mounting plugin VisualStudioCodeSourceCodeAccess
LogPluginManager: Mounting plugin XCodeSourceCodeAccess
LogPluginManager: Mounting plugin VisualStudioSourceCodeAccess
LogPluginManager: Mounting plugin CryptoKeys
LogPluginManager: Mounting plugin CurveEditorTools
LogPluginManager: Mounting plugin DataValidation
LogPluginManager: Mounting plugin AlembicImporter
LogPluginManager: Mounting plugin FacialAnimation
LogPluginManager: Mounting plugin GameplayTagsEditor
LogPluginManager: Mounting plugin GeometryMode
LogPluginManager: Mounting plugin BackChannel
LogPluginManager: Mounting plugin AutomationUtils
LogPluginManager: Mounting plugin MaterialAnalyzer
LogPluginManager: Mounting plugin MacGraphicsSwitching
LogPluginManager: Mounting plugin MobileLauncherProfileWizard
LogPluginManager: Mounting plugin SpeedTreeImporter
LogPluginManager: Mounting plugin PluginBrowser
LogPluginManager: Mounting plugin ChaosCloth
LogPluginManager: Mounting plugin ChaosEditor
LogPluginManager: Mounting plugin ChaosClothEditor
LogPluginManager: Mounting plugin ChaosSolverPlugin
LogPluginManager: Mounting plugin ChaosNiagara
LogPluginManager: Mounting plugin CharacterAI
LogPluginManager: Mounting plugin GeometryCache
LogPluginManager: Mounting plugin GeometryCollectionPlugin
LogPluginManager: Mounting plugin GeometryProcessing
LogPluginManager: Mounting plugin MotoSynth
LogPluginManager: Mounting plugin OpenImageDenoise
LogPluginManager: Mounting plugin PlanarCut
LogPluginManager: Mounting plugin PlatformCrypto
LogPluginManager: Mounting plugin ProxyLODPlugin
LogPluginManager: Mounting plugin PythonScriptPlugin
LogPluginManager: Mounting plugin DatasmithContent
LogPluginManager: Mounting plugin SkeletalReduction
LogPluginManager: Mounting plugin VariantManagerContent
LogPluginManager: Mounting plugin Niagara
LogPluginManager: Mounting plugin LuminPlatformFeatures
LogPluginManager: Mounting plugin MagicLeap
LogPluginManager: Mounting plugin AndroidMedia
LogPluginManager: Mounting plugin MagicLeapMedia
LogPluginManager: Mounting plugin MagicLeapLightEstimation
LogPluginManager: Mounting plugin MagicLeapPassableWorld
LogPluginManager: Mounting plugin MLSDK
LogPluginManager: Mounting plugin AvfMedia
LogPluginManager: Mounting plugin ImgMedia
LogPluginManager: Mounting plugin MediaCompositing
LogPluginManager: Mounting plugin MediaPlayerEditor
LogPluginManager: Mounting plugin ActorSequence
LogPluginManager: Mounting plugin WebMMedia
LogPluginManager: Mounting plugin WmfMedia
LogPluginManager: Mounting plugin LevelSequenceEditor
LogPluginManager: Mounting plugin UdpMessaging
LogPluginManager: Mounting plugin TcpMessaging
LogPluginManager: Mounting plugin MatineeToLevelSequence
LogPluginManager: Mounting plugin TemplateSequence
LogPluginManager: Mounting plugin OnlineSubsystem
LogPluginManager: Mounting plugin LauncherChunkInstaller
LogPluginManager: Mounting plugin ActorLayerUtilities
LogPluginManager: Mounting plugin OnlineSubsystemNull
LogPluginManager: Mounting plugin OnlineSubsystemUtils
LogPluginManager: Mounting plugin AndroidDeviceProfileSelector
LogPluginManager: Mounting plugin AndroidMoviePlayer
LogPluginManager: Mounting plugin AndroidPermission
LogPluginManager: Mounting plugin AppleMoviePlayer
LogPluginManager: Mounting plugin AppleImageUtils
LogPluginManager: Mounting plugin ArchVisCharacter
LogPluginManager: Mounting plugin AudioCapture
LogPluginManager: Mounting plugin AssetTags
LogPluginManager: Mounting plugin AudioSynesthesia
LogPluginManager: Mounting plugin CableComponent
LogPluginManager: Mounting plugin ChunkDownloader
LogPluginManager: Mounting plugin CustomMeshComponent
LogPluginManager: Mounting plugin EditableMesh
LogPluginManager: Mounting plugin ExampleDeviceProfileSelector
LogPluginManager: Mounting plugin GoogleCloudMessaging
LogPluginManager: Mounting plugin GooglePAD
LogPluginManager: Mounting plugin IOSDeviceProfileSelector
LogPluginManager: Mounting plugin LinuxDeviceProfileSelector
LogPluginManager: Mounting plugin LocationServicesBPLibrary
LogPluginManager: Mounting plugin MobilePatchingUtils
LogPluginManager: Mounting plugin OpenXR
LogPluginManager: Mounting plugin OpenXREyeTracker
LogPluginManager: Mounting plugin OpenXRHandTracking
LogPluginManager: Mounting plugin PhysXVehicles
LogPluginManager: Mounting plugin ScreenshotTools
LogPluginManager: Mounting plugin PostSplashScreen
LogPluginManager: Mounting plugin ProceduralMeshComponent
LogPluginManager: Mounting plugin PropertyAccessEditor
LogPluginManager: Mounting plugin RuntimePhysXCooking
LogPluginManager: Mounting plugin SignificanceManager
LogPluginManager: Mounting plugin SoundFields
LogPluginManager: Mounting plugin Synthesis
LogPluginManager: Mounting plugin WebMMoviePlayer
LogPluginManager: Mounting plugin WindowsMoviePlayer
LogPluginManager: Mounting plugin Takes
LogPluginManager: Mounting plugin ContentBrowserAssetDataSource
LogPluginManager: Mounting plugin ContentBrowserClassDataSource
LogPluginManager: Mounting plugin ContentBrowserFileDataSource
LogPluginManager: Mounting plugin OnlineSubsystemGooglePlay
LogPluginManager: Mounting plugin OnlineSubsystemIOS
LogPluginManager: Mounting plugin OculusVR
LogPluginManager: Mounting plugin SteamVR
PixWinPlugin: PIX capture plugin failed to initialize! Check that the process is launched from PIX.
LogInit: Using libcurl 7.55.1-DEV
LogInit:  - built for x86_64-pc-win32
LogInit:  - supports SSL with OpenSSL/1.1.1
LogInit:  - supports HTTP deflate (compression) using libz 1.2.8
LogInit:  - other features:
LogInit:      CURL_VERSION_SSL
LogInit:      CURL_VERSION_LIBZ
LogInit:      CURL_VERSION_IPV6
LogInit:      CURL_VERSION_ASYNCHDNS
LogInit:      CURL_VERSION_LARGEFILE
LogInit:      CURL_VERSION_IDN
LogInit:  CurlRequestOptions (configurable via config and command line):
LogInit:  - bVerifyPeer = true  - Libcurl will verify peer certificate
LogInit:  - bUseHttpProxy = false  - Libcurl will NOT use HTTP proxy
LogInit:  - bDontReuseConnections = false  - Libcurl will reuse connections
LogInit:  - MaxHostConnections = 16  - Libcurl will limit the number of connections to a host
LogInit:  - LocalHostAddr = Default
LogInit:  - BufferSize = 65536
LogOnline: OSS: Creating online subsystem instance for: NULL
LogInit: WinSock: version 1.1 (2.2), MaxSocks=32767, MaxUdp=65467
LogOnline: OSS: TryLoadSubsystemAndSetDefault: Loaded subsystem for module [NULL]
LogOculusPluginWrapper: OculusPlugin initialized successfully
LogHMD: Failed initializing OVRPlugin 1.59.0
LogInit: Build: ++UE4+Release-4.27-CL-18319896
LogInit: Engine Version: 4.27.2-18319896+++UE4+Release-4.27
LogInit: Compatible Engine Version: 4.27.0-17155196+++UE4+Release-4.27
LogInit: Net CL: 17155196
LogInit: OS: Windows 10 (Release 2009) (), CPU: 11th Gen Intel(R) Core(TM) i7-11800H @ 2.30GHz, GPU: NVIDIA GeForce RTX 3060 Laptop GPU
LogInit: Compiled (64-bit): Nov 30 2021 07:12:08
LogInit: Compiled with Visual C++: 19.24.28315.00
LogInit: Build Configuration: Development
LogInit: Branch Name: ++UE4+Release-4.27
LogInit: Command Line: 
LogInit: Base Directory: E:/UE4.27.2/UE_4.27/Engine/Binaries/Win64/
LogInit: Allocator: TBB
LogInit: Installed Engine Build: 1
LogDevObjectVersion: Number of dev versions registered: 29
LogDevObjectVersion:   Dev-Blueprints (B0D832E4-1F89-4F0D-ACCF-7EB736FD4AA2): 10
LogDevObjectVersion:   Dev-Build (E1C64328-A22C-4D53-A36C-8E866417BD8C): 0
LogDevObjectVersion:   Dev-Core (375EC13C-06E4-48FB-B500-84F0262A717E): 4
LogDevObjectVersion:   Dev-Editor (E4B068ED-F494-42E9-A231-DA0B2E46BB41): 40
LogDevObjectVersion:   Dev-Framework (CFFC743F-43B0-4480-9391-14DF171D2073): 37
LogDevObjectVersion:   Dev-Mobile (B02B49B5-BB20-44E9-A304-32B752E40360): 3
LogDevObjectVersion:   Dev-Networking (A4E4105C-59A1-49B5-A7C5-40C4547EDFEE): 0
LogDevObjectVersion:   Dev-Online (39C831C9-5AE6-47DC-9A44-9C173E1C8E7C): 0
LogDevObjectVersion:   Dev-Physics (78F01B33-EBEA-4F98-B9B4-84EACCB95AA2): 14
LogDevObjectVersion:   Dev-Platform (6631380F-2D4D-43E0-8009-CF276956A95A): 0
LogDevObjectVersion:   Dev-Rendering (12F88B9F-8875-4AFC-A67C-D90C383ABD29): 45
LogDevObjectVersion:   Dev-Sequencer (7B5AE74C-D270-4C10-A958-57980B212A5A): 13
LogDevObjectVersion:   Dev-VR (D7296918-1DD6-4BDD-9DE2-64A83CC13884): 3
LogDevObjectVersion:   Dev-LoadTimes (C2A15278-BFE7-4AFE-6C17-90FF531DF755): 1
LogDevObjectVersion:   Private-Geometry (6EACA3D4-40EC-4CC1-B786-8BED09428FC5): 3
LogDevObjectVersion:   Dev-AnimPhys (29E575DD-E0A3-4627-9D10-D276232CDCEA): 17
LogDevObjectVersion:   Dev-Anim (AF43A65D-7FD3-4947-9873-3E8ED9C1BB05): 15
LogDevObjectVersion:   Dev-ReflectionCapture (6B266CEC-1EC7-4B8F-A30B-E4D90942FC07): 1
LogDevObjectVersion:   Dev-Automation (0DF73D61-A23F-47EA-B727-89E90C41499A): 1
LogDevObjectVersion:   FortniteMain (601D1886-AC64-4F84-AA16-D3DE0DEAC7D6): 47
LogDevObjectVersion:   FortniteRelease (E7086368-6B23-4C58-8439-1B7016265E91): 1
LogDevObjectVersion:   Dev-Enterprise (9DFFBCD6-494F-0158-E221-12823C92A888): 10
LogDevObjectVersion:   Dev-Niagara (F2AED0AC-9AFE-416F-8664-AA7FFA26D6FC): 1
LogDevObjectVersion:   Dev-Destruction (174F1F0B-B4C6-45A5-B13F-2EE8D0FB917D): 10
LogDevObjectVersion:   Dev-Physics-Ext (35F94A83-E258-406C-A318-09F59610247C): 41
LogDevObjectVersion:   Dev-PhysicsMaterial-Chaos (B68FC16E-8B1B-42E2-B453-215C058844FE): 1
LogDevObjectVersion:   Dev-CineCamera (B2E18506-4273-CFC2-A54E-F4BB758BBA07): 1
LogDevObjectVersion:   Dev-VirtualProduction (64F58936-FD1B-42BA-BA96-7289D5D0FA4E): 1
LogDevObjectVersion:   Dev-MediaFramework (6F0ED827-A609-4895-9C91-998D90180EA4): 2
LogInit: Presizing for max 25165824 objects, including 0 objects not considered by GC, pre-allocating 0 bytes for permanent pool.
LogConfig: Applying CVar settings from Section [/Script/Engine.StreamingSettings] File [D:/unreal/小试牛刀/开发/strategy-game/策略组的游戏/Saved/Config/Windows/Engine.ini]
LogConfig: Setting CVar [[s.MinBulkDataSizeForAsyncLoading:131072]]
LogConfig: Setting CVar [[s.AsyncLoadingThreadEnabled:0]]
LogConfig: Setting CVar [[s.EventDrivenLoaderEnabled:1]]
LogConfig: Setting CVar [[s.WarnIfTimeLimitExceeded:0]]
LogConfig: Setting CVar [[s.TimeLimitExceededMultiplier:1.5]]
LogConfig: Setting CVar [[s.TimeLimitExceededMinTime:0.005]]
LogConfig: Setting CVar [[s.UseBackgroundLevelStreaming:1]]
LogConfig: Setting CVar [[s.PriorityAsyncLoadingExtraTime:15.0]]
LogConfig: Setting CVar [[s.LevelStreamingActorsUpdateTimeLimit:5.0]]
LogConfig: Setting CVar [[s.PriorityLevelStreamingActorsUpdateExtraTime:5.0]]
LogConfig: Setting CVar [[s.LevelStreamingComponentsRegistrationGranularity:10]]
LogConfig: Setting CVar [[s.UnregisterComponentsTimeLimit:1.0]]
LogConfig: Setting CVar [[s.LevelStreamingComponentsUnregistrationGranularity:5]]
LogConfig: Setting CVar [[s.FlushStreamingOnExit:1]]
LogInit: Object subsystem initialized
LogConfig: Setting CVar [[con.DebugEarlyDefault:1]]
LogConfig: Setting CVar [[r.setres:1280x720]]
[2022.07.25-08.09.50:806][  0]LogConfig: Setting CVar [[r.VSync:0]]
[2022.07.25-08.09.50:806][  0]LogConfig: Setting CVar [[r.RHICmdBypass:0]]
[2022.07.25-08.09.50:806][  0]LogConfig: Applying CVar settings from Section [/Script/Engine.RendererSettings] File [D:/unreal/小试牛刀/开发/strategy-game/策略组的游戏/Saved/Config/Windows/Engine.ini]
[2022.07.25-08.09.50:806][  0]LogConfig: Setting CVar [[r.GPUCrashDebugging:0]]
[2022.07.25-08.09.50:806][  0]LogConfig: Applying CVar settings from Section [/Script/Engine.RendererOverrideSettings] File [D:/unreal/小试牛刀/开发/strategy-game/策略组的游戏/Saved/Config/Windows/Engine.ini]
[2022.07.25-08.09.50:806][  0]LogConfig: Applying CVar settings from Section [/Script/Engine.StreamingSettings] File [D:/unreal/小试牛刀/开发/strategy-game/策略组的游戏/Saved/Config/Windows/Engine.ini]
[2022.07.25-08.09.50:806][  0]LogConfig: Setting CVar [[s.MinBulkDataSizeForAsyncLoading:131072]]
[2022.07.25-08.09.50:806][  0]LogConfig: Setting CVar [[s.AsyncLoadingThreadEnabled:0]]
[2022.07.25-08.09.50:806][  0]LogConfig: Setting CVar [[s.EventDrivenLoaderEnabled:1]]
[2022.07.25-08.09.50:806][  0]LogConfig: Setting CVar [[s.WarnIfTimeLimitExceeded:0]]
[2022.07.25-08.09.50:806][  0]LogConfig: Setting CVar [[s.TimeLimitExceededMultiplier:1.5]]
[2022.07.25-08.09.50:806][  0]LogConfig: Setting CVar [[s.TimeLimitExceededMinTime:0.005]]
[2022.07.25-08.09.50:806][  0]LogConfig: Setting CVar [[s.UseBackgroundLevelStreaming:1]]
[2022.07.25-08.09.50:806][  0]LogConfig: Setting CVar [[s.PriorityAsyncLoadingExtraTime:15.0]]
[2022.07.25-08.09.50:806][  0]LogConfig: Setting CVar [[s.LevelStreamingActorsUpdateTimeLimit:5.0]]
[2022.07.25-08.09.50:806][  0]LogConfig: Setting CVar [[s.PriorityLevelStreamingActorsUpdateExtraTime:5.0]]
[2022.07.25-08.09.50:806][  0]LogConfig: Setting CVar [[s.LevelStreamingComponentsRegistrationGranularity:10]]
[2022.07.25-08.09.50:806][  0]LogConfig: Setting CVar [[s.UnregisterComponentsTimeLimit:1.0]]
[2022.07.25-08.09.50:806][  0]LogConfig: Setting CVar [[s.LevelStreamingComponentsUnregistrationGranularity:5]]
[2022.07.25-08.09.50:806][  0]LogConfig: Setting CVar [[s.FlushStreamingOnExit:1]]
[2022.07.25-08.09.50:806][  0]LogConfig: Applying CVar settings from Section [/Script/Engine.GarbageCollectionSettings] File [D:/unreal/小试牛刀/开发/strategy-game/策略组的游戏/Saved/Config/Windows/Engine.ini]
[2022.07.25-08.09.50:806][  0]LogConfig: Setting CVar [[gc.MaxObjectsNotConsideredByGC:1]]
[2022.07.25-08.09.50:806][  0]LogConfig: Setting CVar [[gc.SizeOfPermanentObjectPool:0]]
[2022.07.25-08.09.50:806][  0]LogConfig: Setting CVar [[gc.FlushStreamingOnGC:0]]
[2022.07.25-08.09.50:806][  0]LogConfig: Setting CVar [[gc.NumRetriesBeforeForcingGC:10]]
[2022.07.25-08.09.50:806][  0]LogConfig: Setting CVar [[gc.AllowParallelGC:1]]
[2022.07.25-08.09.50:806][  0]LogConfig: Setting CVar [[gc.TimeBetweenPurgingPendingKillObjects:61.1]]
[2022.07.25-08.09.50:806][  0]LogConfig: Setting CVar [[gc.MaxObjectsInEditor:25165824]]
[2022.07.25-08.09.50:806][  0]LogConfig: Setting CVar [[gc.IncrementalBeginDestroyEnabled:1]]
[2022.07.25-08.09.50:806][  0]LogConfig: Setting CVar [[gc.CreateGCClusters:1]]
[2022.07.25-08.09.50:806][  0]LogConfig: Setting CVar [[gc.MinGCClusterSize:5]]
[2022.07.25-08.09.50:806][  0]LogConfig: Setting CVar [[gc.ActorClusteringEnabled:0]]
[2022.07.25-08.09.50:806][  0]LogConfig: Setting CVar [[gc.BlueprintClusteringEnabled:0]]
[2022.07.25-08.09.50:806][  0]LogConfig: Setting CVar [[gc.UseDisregardForGCOnDedicatedServers:0]]
[2022.07.25-08.09.50:806][  0]LogConfig: Setting CVar [[gc.MultithreadedDestructionEnabled:1]]
[2022.07.25-08.09.50:806][  0]LogConfig: Applying CVar settings from Section [/Script/Engine.NetworkSettings] File [D:/unreal/小试牛刀/开发/strategy-game/策略组的游戏/Saved/Config/Windows/Engine.ini]
[2022.07.25-08.09.50:806][  0]LogConfig: Applying CVar settings from Section [/Script/UnrealEd.CookerSettings] File [D:/unreal/小试牛刀/开发/strategy-game/策略组的游戏/Saved/Config/Windows/Engine.ini]
[2022.07.25-08.09.50:814][  0]LogConfig: Applying CVar settings from Section [ViewDistanceQuality@3] File [D:/unreal/小试牛刀/开发/strategy-game/策略组的游戏/Saved/Config/Windows/Scalability.ini]
[2022.07.25-08.09.50:814][  0]LogConfig: Setting CVar [[r.SkeletalMeshLODBias:0]]
[2022.07.25-08.09.50:814][  0]LogConfig: Setting CVar [[r.ViewDistanceScale:1.0]]
[2022.07.25-08.09.50:814][  0]LogConfig: Applying CVar settings from Section [AntiAliasingQuality@3] File [D:/unreal/小试牛刀/开发/strategy-game/策略组的游戏/Saved/Config/Windows/Scalability.ini]
[2022.07.25-08.09.50:814][  0]LogConfig: Setting CVar [[r.PostProcessAAQuality:4]]
[2022.07.25-08.09.50:814][  0]LogConfig: Applying CVar settings from Section [ShadowQuality@3] File [D:/unreal/小试牛刀/开发/strategy-game/策略组的游戏/Saved/Config/Windows/Scalability.ini]
[2022.07.25-08.09.50:814][  0]LogConfig: Setting CVar [[r.LightFunctionQuality:1]]
[2022.07.25-08.09.50:814][  0]LogConfig: Setting CVar [[r.ShadowQuality:5]]
[2022.07.25-08.09.50:814][  0]LogConfig: Setting CVar [[r.Shadow.CSM.MaxCascades:10]]
[2022.07.25-08.09.50:814][  0]LogConfig: Setting CVar [[r.Shadow.MaxResolution:2048]]
[2022.07.25-08.09.50:814][  0]LogConfig: Setting CVar [[r.Shadow.MaxCSMResolution:2048]]
[2022.07.25-08.09.50:814][  0]LogConfig: Setting CVar [[r.Shadow.RadiusThreshold:0.01]]
[2022.07.25-08.09.50:814][  0]LogConfig: Setting CVar [[r.Shadow.DistanceScale:1.0]]
[2022.07.25-08.09.50:814][  0]LogConfig: Setting CVar [[r.Shadow.CSM.TransitionScale:1.0]]
[2022.07.25-08.09.50:814][  0]LogConfig: Setting CVar [[r.Shadow.PreShadowResolutionFactor:1.0]]
[2022.07.25-08.09.50:814][  0]LogConfig: Setting CVar [[r.DistanceFieldShadowing:1]]
[2022.07.25-08.09.50:814][  0]LogConfig: Setting CVar [[r.DistanceFieldAO:1]]
[2022.07.25-08.09.50:814][  0]LogConfig: Setting CVar [[r.AOQuality:2]]
[2022.07.25-08.09.50:814][  0]LogConfig: Setting CVar [[r.VolumetricFog:1]]
[2022.07.25-08.09.50:814][  0]LogConfig: Setting CVar [[r.VolumetricFog.GridPixelSize:8]]
[2022.07.25-08.09.50:814][  0]LogConfig: Setting CVar [[r.VolumetricFog.GridSizeZ:128]]
[2022.07.25-08.09.50:814][  0]LogConfig: Setting CVar [[r.VolumetricFog.HistoryMissSupersampleCount:4]]
[2022.07.25-08.09.50:814][  0]LogConfig: Setting CVar [[r.LightMaxDrawDistanceScale:1]]
[2022.07.25-08.09.50:814][  0]LogConfig: Setting CVar [[r.CapsuleShadows:1]]
[2022.07.25-08.09.50:814][  0]LogConfig: Applying CVar settings from Section [PostProcessQuality@3] File [D:/unreal/小试牛刀/开发/strategy-game/策略组的游戏/Saved/Config/Windows/Scalability.ini]
[2022.07.25-08.09.50:814][  0]LogConfig: Setting CVar [[r.MotionBlurQuality:4]]
[2022.07.25-08.09.50:814][  0]LogConfig: Setting CVar [[r.AmbientOcclusionMipLevelFactor:0.4]]
[2022.07.25-08.09.50:814][  0]LogConfig: Setting CVar [[r.AmbientOcclusionMaxQuality:100]]
[2022.07.25-08.09.50:814][  0]LogConfig: Setting CVar [[r.AmbientOcclusionLevels:-1]]
[2022.07.25-08.09.50:814][  0]LogConfig: Setting CVar [[r.AmbientOcclusionRadiusScale:1.0]]
[2022.07.25-08.09.50:814][  0]LogConfig: Setting CVar [[r.DepthOfFieldQuality:2]]
[2022.07.25-08.09.50:814][  0]LogConfig: Setting CVar [[r.RenderTargetPoolMin:400]]
[2022.07.25-08.09.50:814][  0]LogConfig: Setting CVar [[r.LensFlareQuality:2]]
[2022.07.25-08.09.50:814][  0]LogConfig: Setting CVar [[r.SceneColorFringeQuality:1]]
[2022.07.25-08.09.50:814][  0]LogConfig: Setting CVar [[r.EyeAdaptationQuality:2]]
[2022.07.25-08.09.50:814][  0]LogConfig: Setting CVar [[r.BloomQuality:5]]
[2022.07.25-08.09.50:814][  0]LogConfig: Setting CVar [[r.FastBlurThreshold:100]]
[2022.07.25-08.09.50:814][  0]LogConfig: Setting CVar [[r.Upscale.Quality:3]]
[2022.07.25-08.09.50:814][  0]LogConfig: Setting CVar [[r.Tonemapper.GrainQuantization:1]]
[2022.07.25-08.09.50:814][  0]LogConfig: Setting CVar [[r.LightShaftQuality:1]]
[2022.07.25-08.09.50:814][  0]LogConfig: Setting CVar [[r.Filter.SizeScale:1]]
[2022.07.25-08.09.50:814][  0]LogConfig: Setting CVar [[r.Tonemapper.Quality:5]]
[2022.07.25-08.09.50:814][  0]LogConfig: Setting CVar [[r.DOF.Gather.AccumulatorQuality:1        ; higher gathering accumulator quality]]
[2022.07.25-08.09.50:814][  0]LogConfig: Setting CVar [[r.DOF.Gather.PostfilterMethod:1          ; Median3x3 postfilering method]]
[2022.07.25-08.09.50:814][  0]LogConfig: Setting CVar [[r.DOF.Gather.EnableBokehSettings:0       ; no bokeh simulation when gathering]]
[2022.07.25-08.09.50:814][  0]LogConfig: Setting CVar [[r.DOF.Gather.RingCount:4                 ; medium number of samples when gathering]]
[2022.07.25-08.09.50:814][  0]LogConfig: Setting CVar [[r.DOF.Scatter.ForegroundCompositing:1    ; additive foreground scattering]]
[2022.07.25-08.09.50:814][  0]LogConfig: Setting CVar [[r.DOF.Scatter.BackgroundCompositing:2    ; additive background scattering]]
[2022.07.25-08.09.50:814][  0]LogConfig: Setting CVar [[r.DOF.Scatter.EnableBokehSettings:1      ; bokeh simulation when scattering]]
[2022.07.25-08.09.50:814][  0]LogConfig: Setting CVar [[r.DOF.Scatter.MaxSpriteRatio:0.1         ; only a maximum of 10% of scattered bokeh]]
[2022.07.25-08.09.50:814][  0]LogConfig: Setting CVar [[r.DOF.Recombine.Quality:1                ; cheap slight out of focus]]
[2022.07.25-08.09.50:814][  0]LogConfig: Setting CVar [[r.DOF.Recombine.EnableBokehSettings:0    ; no bokeh simulation on slight out of focus]]
[2022.07.25-08.09.50:814][  0]LogConfig: Setting CVar [[r.DOF.TemporalAAQuality:1                ; more stable temporal accumulation]]
[2022.07.25-08.09.50:814][  0]LogConfig: Setting CVar [[r.DOF.Kernel.MaxForegroundRadius:0.025]]
[2022.07.25-08.09.50:814][  0]LogConfig: Setting CVar [[r.DOF.Kernel.MaxBackgroundRadius:0.025]]
[2022.07.25-08.09.50:814][  0]LogConfig: Applying CVar settings from Section [TextureQuality@3] File [D:/unreal/小试牛刀/开发/strategy-game/策略组的游戏/Saved/Config/Windows/Scalability.ini]
[2022.07.25-08.09.50:814][  0]LogConfig: Setting CVar [[r.Streaming.MipBias:0]]
[2022.07.25-08.09.50:814][  0]LogConfig: Setting CVar [[r.Streaming.AmortizeCPUToGPUCopy:0]]
[2022.07.25-08.09.50:814][  0]LogConfig: Setting CVar [[r.Streaming.MaxNumTexturesToStreamPerFrame:0]]
[2022.07.25-08.09.50:814][  0]LogConfig: Setting CVar [[r.Streaming.Boost:1]]
[2022.07.25-08.09.50:814][  0]LogConfig: Setting CVar [[r.MaxAnisotropy:8]]
[2022.07.25-08.09.50:814][  0]LogConfig: Setting CVar [[r.VT.MaxAnisotropy:8]]
[2022.07.25-08.09.50:814][  0]LogConfig: Setting CVar [[r.Streaming.LimitPoolSizeToVRAM:0]]
[2022.07.25-08.09.50:814][  0]LogConfig: Setting CVar [[r.Streaming.PoolSize:1000]]
[2022.07.25-08.09.50:814][  0]LogConfig: Setting CVar [[r.Streaming.MaxEffectiveScreenSize:0]]
[2022.07.25-08.09.50:814][  0]LogConfig: Applying CVar settings from Section [EffectsQuality@3] File [D:/unreal/小试牛刀/开发/strategy-game/策略组的游戏/Saved/Config/Windows/Scalability.ini]
[2022.07.25-08.09.50:814][  0]LogConfig: Setting CVar [[r.TranslucencyLightingVolumeDim:64]]
[2022.07.25-08.09.50:814][  0]LogConfig: Setting CVar [[r.RefractionQuality:2]]
[2022.07.25-08.09.50:814][  0]LogConfig: Setting CVar [[r.SSR.Quality:3]]
[2022.07.25-08.09.50:814][  0]LogConfig: Setting CVar [[r.SSR.HalfResSceneColor:0]]
[2022.07.25-08.09.50:814][  0]LogConfig: Setting CVar [[r.SceneColorFormat:4]]
[2022.07.25-08.09.50:814][  0]LogConfig: Setting CVar [[r.DetailMode:2]]
[2022.07.25-08.09.50:814][  0]LogConfig: Setting CVar [[r.TranslucencyVolumeBlur:1]]
[2022.07.25-08.09.50:814][  0]LogConfig: Setting CVar [[r.MaterialQualityLevel:1 ; High quality]]
[2022.07.25-08.09.50:814][  0]LogConfig: Setting CVar [[r.AnisotropicMaterials:1]]
[2022.07.25-08.09.50:814][  0]LogConfig: Setting CVar [[r.SSS.Scale:1]]
[2022.07.25-08.09.50:814][  0]LogConfig: Setting CVar [[r.SSS.SampleSet:2]]
[2022.07.25-08.09.50:814][  0]LogConfig: Setting CVar [[r.SSS.Quality:1]]
[2022.07.25-08.09.50:814][  0]LogConfig: Setting CVar [[r.SSS.HalfRes:0]]
[2022.07.25-08.09.50:814][  0]LogConfig: Setting CVar [[r.SSGI.Quality:3]]
[2022.07.25-08.09.50:815][  0]LogConfig: Setting CVar [[r.EmitterSpawnRateScale:1.0]]
[2022.07.25-08.09.50:815][  0]LogConfig: Setting CVar [[r.ParticleLightQuality:2]]
[2022.07.25-08.09.50:815][  0]LogConfig: Setting CVar [[r.SkyAtmosphere.AerialPerspectiveLUT.FastApplyOnOpaque:1 ; Always have FastSkyLUT 1 in this case to avoid wrong sky]]
[2022.07.25-08.09.50:815][  0]LogConfig: Setting CVar [[r.SkyAtmosphere.AerialPerspectiveLUT.SampleCountMaxPerSlice:4]]
[2022.07.25-08.09.50:815][  0]LogConfig: Setting CVar [[r.SkyAtmosphere.AerialPerspectiveLUT.DepthResolution:16.0]]
[2022.07.25-08.09.50:815][  0]LogConfig: Setting CVar [[r.SkyAtmosphere.FastSkyLUT:1]]
[2022.07.25-08.09.50:815][  0]LogConfig: Setting CVar [[r.SkyAtmosphere.FastSkyLUT.SampleCountMin:4.0]]
[2022.07.25-08.09.50:815][  0]LogConfig: Setting CVar [[r.SkyAtmosphere.FastSkyLUT.SampleCountMax:128.0]]
[2022.07.25-08.09.50:815][  0]LogConfig: Setting CVar [[r.SkyAtmosphere.SampleCountMin:4.0]]
[2022.07.25-08.09.50:815][  0]LogConfig: Setting CVar [[r.SkyAtmosphere.SampleCountMax:128.0]]
[2022.07.25-08.09.50:815][  0]LogConfig: Setting CVar [[r.SkyAtmosphere.TransmittanceLUT.UseSmallFormat:0]]
[2022.07.25-08.09.50:815][  0]LogConfig: Setting CVar [[r.SkyAtmosphere.TransmittanceLUT.SampleCount:10.0]]
[2022.07.25-08.09.50:815][  0]LogConfig: Setting CVar [[r.SkyAtmosphere.MultiScatteringLUT.SampleCount:15.0]]
[2022.07.25-08.09.50:815][  0]LogConfig: Setting CVar [[r.SkyLight.RealTimeReflectionCapture:1]]
[2022.07.25-08.09.50:815][  0]LogConfig: Applying CVar settings from Section [FoliageQuality@3] File [D:/unreal/小试牛刀/开发/strategy-game/策略组的游戏/Saved/Config/Windows/Scalability.ini]
[2022.07.25-08.09.50:815][  0]LogConfig: Setting CVar [[foliage.DensityScale:1.0]]
[2022.07.25-08.09.50:815][  0]LogConfig: Setting CVar [[grass.DensityScale:1.0]]
[2022.07.25-08.09.50:815][  0]LogConfig: Applying CVar settings from Section [ShadingQuality@3] File [D:/unreal/小试牛刀/开发/strategy-game/策略组的游戏/Saved/Config/Windows/Scalability.ini]
[2022.07.25-08.09.50:815][  0]LogConfig: Setting CVar [[r.HairStrands.SkyLighting.IntegrationType:2]]
[2022.07.25-08.09.50:815][  0]LogConfig: Setting CVar [[r.HairStrands.SkyAO.SampleCount:4]]
[2022.07.25-08.09.50:815][  0]LogConfig: Setting CVar [[r.HairStrands.Visibility.MSAA.SamplePerPixel:4]]
[2022.07.25-08.09.50:815][  0]LogInit: Selected Device Profile: [Windows]
[2022.07.25-08.09.50:815][  0]LogInit: Applying CVar settings loaded from the selected device profile: [Windows]
[2022.07.25-08.09.50:815][  0]LogHAL: Display: Platform has ~ 16 GB [16910159872 / 17179869184 / 16], which maps to Larger [LargestMinGB=32, LargerMinGB=12, DefaultMinGB=8, SmallerMinGB=6, SmallestMinGB=0)
[2022.07.25-08.09.50:815][  0]LogInit: Going up to parent DeviceProfile []
[2022.07.25-08.09.50:815][  0]LogConfig: Applying CVar settings from Section [ViewDistanceQuality@3] File [D:/unreal/小试牛刀/开发/strategy-game/策略组的游戏/Saved/Config/Windows/Scalability.ini]
[2022.07.25-08.09.50:815][  0]LogConfig: Setting CVar [[r.SkeletalMeshLODBias:0]]
[2022.07.25-08.09.50:815][  0]LogConfig: Setting CVar [[r.ViewDistanceScale:1.0]]
[2022.07.25-08.09.50:815][  0]LogConfig: Applying CVar settings from Section [AntiAliasingQuality@3] File [D:/unreal/小试牛刀/开发/strategy-game/策略组的游戏/Saved/Config/Windows/Scalability.ini]
[2022.07.25-08.09.50:815][  0]LogConfig: Setting CVar [[r.PostProcessAAQuality:4]]
[2022.07.25-08.09.50:815][  0]LogConfig: Applying CVar settings from Section [ShadowQuality@3] File [D:/unreal/小试牛刀/开发/strategy-game/策略组的游戏/Saved/Config/Windows/Scalability.ini]
[2022.07.25-08.09.50:815][  0]LogConfig: Setting CVar [[r.LightFunctionQuality:1]]
[2022.07.25-08.09.50:815][  0]LogConfig: Setting CVar [[r.ShadowQuality:5]]
[2022.07.25-08.09.50:815][  0]LogConfig: Setting CVar [[r.Shadow.CSM.MaxCascades:10]]
[2022.07.25-08.09.50:815][  0]LogConfig: Setting CVar [[r.Shadow.MaxResolution:2048]]
[2022.07.25-08.09.50:815][  0]LogConfig: Setting CVar [[r.Shadow.MaxCSMResolution:2048]]
[2022.07.25-08.09.50:815][  0]LogConfig: Setting CVar [[r.Shadow.RadiusThreshold:0.01]]
[2022.07.25-08.09.50:815][  0]LogConfig: Setting CVar [[r.Shadow.DistanceScale:1.0]]
[2022.07.25-08.09.50:815][  0]LogConfig: Setting CVar [[r.Shadow.CSM.TransitionScale:1.0]]
[2022.07.25-08.09.50:815][  0]LogConfig: Setting CVar [[r.Shadow.PreShadowResolutionFactor:1.0]]
[2022.07.25-08.09.50:815][  0]LogConfig: Setting CVar [[r.DistanceFieldShadowing:1]]
[2022.07.25-08.09.50:815][  0]LogConfig: Setting CVar [[r.DistanceFieldAO:1]]
[2022.07.25-08.09.50:815][  0]LogConfig: Setting CVar [[r.AOQuality:2]]
[2022.07.25-08.09.50:815][  0]LogConfig: Setting CVar [[r.VolumetricFog:1]]
[2022.07.25-08.09.50:815][  0]LogConfig: Setting CVar [[r.VolumetricFog.GridPixelSize:8]]
[2022.07.25-08.09.50:815][  0]LogConfig: Setting CVar [[r.VolumetricFog.GridSizeZ:128]]
[2022.07.25-08.09.50:815][  0]LogConfig: Setting CVar [[r.VolumetricFog.HistoryMissSupersampleCount:4]]
[2022.07.25-08.09.50:815][  0]LogConfig: Setting CVar [[r.LightMaxDrawDistanceScale:1]]
[2022.07.25-08.09.50:815][  0]LogConfig: Setting CVar [[r.CapsuleShadows:1]]
[2022.07.25-08.09.50:815][  0]LogConfig: Applying CVar settings from Section [PostProcessQuality@3] File [D:/unreal/小试牛刀/开发/strategy-game/策略组的游戏/Saved/Config/Windows/Scalability.ini]
[2022.07.25-08.09.50:815][  0]LogConfig: Setting CVar [[r.MotionBlurQuality:4]]
[2022.07.25-08.09.50:815][  0]LogConfig: Setting CVar [[r.AmbientOcclusionMipLevelFactor:0.4]]
[2022.07.25-08.09.50:815][  0]LogConfig: Setting CVar [[r.AmbientOcclusionMaxQuality:100]]
[2022.07.25-08.09.50:815][  0]LogConfig: Setting CVar [[r.AmbientOcclusionLevels:-1]]
[2022.07.25-08.09.50:815][  0]LogConfig: Setting CVar [[r.AmbientOcclusionRadiusScale:1.0]]
[2022.07.25-08.09.50:815][  0]LogConfig: Setting CVar [[r.DepthOfFieldQuality:2]]
[2022.07.25-08.09.50:815][  0]LogConfig: Setting CVar [[r.RenderTargetPoolMin:400]]
[2022.07.25-08.09.50:815][  0]LogConfig: Setting CVar [[r.LensFlareQuality:2]]
[2022.07.25-08.09.50:815][  0]LogConfig: Setting CVar [[r.SceneColorFringeQuality:1]]
[2022.07.25-08.09.50:815][  0]LogConfig: Setting CVar [[r.EyeAdaptationQuality:2]]
[2022.07.25-08.09.50:815][  0]LogConfig: Setting CVar [[r.BloomQuality:5]]
[2022.07.25-08.09.50:815][  0]LogConfig: Setting CVar [[r.FastBlurThreshold:100]]
[2022.07.25-08.09.50:815][  0]LogConfig: Setting CVar [[r.Upscale.Quality:3]]
[2022.07.25-08.09.50:815][  0]LogConfig: Setting CVar [[r.Tonemapper.GrainQuantization:1]]
[2022.07.25-08.09.50:815][  0]LogConfig: Setting CVar [[r.LightShaftQuality:1]]
[2022.07.25-08.09.50:815][  0]LogConfig: Setting CVar [[r.Filter.SizeScale:1]]
[2022.07.25-08.09.50:815][  0]LogConfig: Setting CVar [[r.Tonemapper.Quality:5]]
[2022.07.25-08.09.50:815][  0]LogConfig: Setting CVar [[r.DOF.Gather.AccumulatorQuality:1        ; higher gathering accumulator quality]]
[2022.07.25-08.09.50:815][  0]LogConfig: Setting CVar [[r.DOF.Gather.PostfilterMethod:1          ; Median3x3 postfilering method]]
[2022.07.25-08.09.50:815][  0]LogConfig: Setting CVar [[r.DOF.Gather.EnableBokehSettings:0       ; no bokeh simulation when gathering]]
[2022.07.25-08.09.50:815][  0]LogConfig: Setting CVar [[r.DOF.Gather.RingCount:4                 ; medium number of samples when gathering]]
[2022.07.25-08.09.50:815][  0]LogConfig: Setting CVar [[r.DOF.Scatter.ForegroundCompositing:1    ; additive foreground scattering]]
[2022.07.25-08.09.50:815][  0]LogConfig: Setting CVar [[r.DOF.Scatter.BackgroundCompositing:2    ; additive background scattering]]
[2022.07.25-08.09.50:815][  0]LogConfig: Setting CVar [[r.DOF.Scatter.EnableBokehSettings:1      ; bokeh simulation when scattering]]
[2022.07.25-08.09.50:815][  0]LogConfig: Setting CVar [[r.DOF.Scatter.MaxSpriteRatio:0.1         ; only a maximum of 10% of scattered bokeh]]
[2022.07.25-08.09.50:815][  0]LogConfig: Setting CVar [[r.DOF.Recombine.Quality:1                ; cheap slight out of focus]]
[2022.07.25-08.09.50:815][  0]LogConfig: Setting CVar [[r.DOF.Recombine.EnableBokehSettings:0    ; no bokeh simulation on slight out of focus]]
[2022.07.25-08.09.50:815][  0]LogConfig: Setting CVar [[r.DOF.TemporalAAQuality:1                ; more stable temporal accumulation]]
[2022.07.25-08.09.50:815][  0]LogConfig: Setting CVar [[r.DOF.Kernel.MaxForegroundRadius:0.025]]
[2022.07.25-08.09.50:815][  0]LogConfig: Setting CVar [[r.DOF.Kernel.MaxBackgroundRadius:0.025]]
[2022.07.25-08.09.50:815][  0]LogConfig: Applying CVar settings from Section [TextureQuality@3] File [D:/unreal/小试牛刀/开发/strategy-game/策略组的游戏/Saved/Config/Windows/Scalability.ini]
[2022.07.25-08.09.50:815][  0]LogConfig: Setting CVar [[r.Streaming.MipBias:0]]
[2022.07.25-08.09.50:815][  0]LogConfig: Setting CVar [[r.Streaming.AmortizeCPUToGPUCopy:0]]
[2022.07.25-08.09.50:815][  0]LogConfig: Setting CVar [[r.Streaming.MaxNumTexturesToStreamPerFrame:0]]
[2022.07.25-08.09.50:815][  0]LogConfig: Setting CVar [[r.Streaming.Boost:1]]
[2022.07.25-08.09.50:815][  0]LogConfig: Setting CVar [[r.MaxAnisotropy:8]]
[2022.07.25-08.09.50:815][  0]LogConfig: Setting CVar [[r.VT.MaxAnisotropy:8]]
[2022.07.25-08.09.50:815][  0]LogConfig: Setting CVar [[r.Streaming.LimitPoolSizeToVRAM:0]]
[2022.07.25-08.09.50:815][  0]LogConfig: Setting CVar [[r.Streaming.PoolSize:1000]]
[2022.07.25-08.09.50:815][  0]LogConfig: Setting CVar [[r.Streaming.MaxEffectiveScreenSize:0]]
[2022.07.25-08.09.50:815][  0]LogConfig: Applying CVar settings from Section [EffectsQuality@3] File [D:/unreal/小试牛刀/开发/strategy-game/策略组的游戏/Saved/Config/Windows/Scalability.ini]
[2022.07.25-08.09.50:816][  0]LogConfig: Setting CVar [[r.TranslucencyLightingVolumeDim:64]]
[2022.07.25-08.09.50:816][  0]LogConfig: Setting CVar [[r.RefractionQuality:2]]
[2022.07.25-08.09.50:816][  0]LogConfig: Setting CVar [[r.SSR.Quality:3]]
[2022.07.25-08.09.50:816][  0]LogConfig: Setting CVar [[r.SSR.HalfResSceneColor:0]]
[2022.07.25-08.09.50:816][  0]LogConfig: Setting CVar [[r.SceneColorFormat:4]]
[2022.07.25-08.09.50:816][  0]LogConfig: Setting CVar [[r.DetailMode:2]]
[2022.07.25-08.09.50:816][  0]LogConfig: Setting CVar [[r.TranslucencyVolumeBlur:1]]
[2022.07.25-08.09.50:816][  0]LogConfig: Setting CVar [[r.MaterialQualityLevel:1 ; High quality]]
[2022.07.25-08.09.50:816][  0]LogConfig: Setting CVar [[r.AnisotropicMaterials:1]]
[2022.07.25-08.09.50:816][  0]LogConfig: Setting CVar [[r.SSS.Scale:1]]
[2022.07.25-08.09.50:816][  0]LogConfig: Setting CVar [[r.SSS.SampleSet:2]]
[2022.07.25-08.09.50:816][  0]LogConfig: Setting CVar [[r.SSS.Quality:1]]
[2022.07.25-08.09.50:816][  0]LogConfig: Setting CVar [[r.SSS.HalfRes:0]]
[2022.07.25-08.09.50:816][  0]LogConfig: Setting CVar [[r.SSGI.Quality:3]]
[2022.07.25-08.09.50:816][  0]LogConfig: Setting CVar [[r.EmitterSpawnRateScale:1.0]]
[2022.07.25-08.09.50:816][  0]LogConfig: Setting CVar [[r.ParticleLightQuality:2]]
[2022.07.25-08.09.50:816][  0]LogConfig: Setting CVar [[r.SkyAtmosphere.AerialPerspectiveLUT.FastApplyOnOpaque:1 ; Always have FastSkyLUT 1 in this case to avoid wrong sky]]
[2022.07.25-08.09.50:816][  0]LogConfig: Setting CVar [[r.SkyAtmosphere.AerialPerspectiveLUT.SampleCountMaxPerSlice:4]]
[2022.07.25-08.09.50:816][  0]LogConfig: Setting CVar [[r.SkyAtmosphere.AerialPerspectiveLUT.DepthResolution:16.0]]
[2022.07.25-08.09.50:816][  0]LogConfig: Setting CVar [[r.SkyAtmosphere.FastSkyLUT:1]]
[2022.07.25-08.09.50:816][  0]LogConfig: Setting CVar [[r.SkyAtmosphere.FastSkyLUT.SampleCountMin:4.0]]
[2022.07.25-08.09.50:816][  0]LogConfig: Setting CVar [[r.SkyAtmosphere.FastSkyLUT.SampleCountMax:128.0]]
[2022.07.25-08.09.50:816][  0]LogConfig: Setting CVar [[r.SkyAtmosphere.SampleCountMin:4.0]]
[2022.07.25-08.09.50:816][  0]LogConfig: Setting CVar [[r.SkyAtmosphere.SampleCountMax:128.0]]
[2022.07.25-08.09.50:816][  0]LogConfig: Setting CVar [[r.SkyAtmosphere.TransmittanceLUT.UseSmallFormat:0]]
[2022.07.25-08.09.50:816][  0]LogConfig: Setting CVar [[r.SkyAtmosphere.TransmittanceLUT.SampleCount:10.0]]
[2022.07.25-08.09.50:816][  0]LogConfig: Setting CVar [[r.SkyAtmosphere.MultiScatteringLUT.SampleCount:15.0]]
[2022.07.25-08.09.50:816][  0]LogConfig: Setting CVar [[r.SkyLight.RealTimeReflectionCapture:1]]
[2022.07.25-08.09.50:816][  0]LogConfig: Applying CVar settings from Section [FoliageQuality@3] File [D:/unreal/小试牛刀/开发/strategy-game/策略组的游戏/Saved/Config/Windows/Scalability.ini]
[2022.07.25-08.09.50:816][  0]LogConfig: Setting CVar [[foliage.DensityScale:1.0]]
[2022.07.25-08.09.50:816][  0]LogConfig: Setting CVar [[grass.DensityScale:1.0]]
[2022.07.25-08.09.50:816][  0]LogConfig: Applying CVar settings from Section [ShadingQuality@3] File [D:/unreal/小试牛刀/开发/strategy-game/策略组的游戏/Saved/Config/Windows/Scalability.ini]
[2022.07.25-08.09.50:816][  0]LogConfig: Setting CVar [[r.HairStrands.SkyLighting.IntegrationType:2]]
[2022.07.25-08.09.50:816][  0]LogConfig: Setting CVar [[r.HairStrands.SkyAO.SampleCount:4]]
[2022.07.25-08.09.50:816][  0]LogConfig: Setting CVar [[r.HairStrands.Visibility.MSAA.SamplePerPixel:4]]
[2022.07.25-08.09.50:816][  0]LogConfig: Applying CVar settings from Section [Startup] File [../../../Engine/Config/ConsoleVariables.ini]
[2022.07.25-08.09.50:816][  0]LogConfig: Setting CVar [[net.UseAdaptiveNetUpdateFrequency:0]]
[2022.07.25-08.09.50:816][  0]LogConfig: Setting CVar [[p.chaos.AllowCreatePhysxBodies:1]]
[2022.07.25-08.09.50:816][  0]LogConfig: Setting CVar [[fx.SkipVectorVMBackendOptimizations:1]]
[2022.07.25-08.09.50:816][  0]LogConfig: Applying CVar settings from Section [ConsoleVariables] File [D:/unreal/小试牛刀/开发/strategy-game/策略组的游戏/Saved/Config/Windows/Engine.ini]
[2022.07.25-08.09.50:816][  0]LogConfig: Applying CVar settings from Section [ConsoleVariables] File [D:/unreal/小试牛刀/开发/strategy-game/策略组的游戏/Saved/Config/Windows/Editor.ini]
[2022.07.25-08.09.50:816][  0]LogInit: Computer: SUNLUO
[2022.07.25-08.09.50:816][  0]LogInit: User: 80480
[2022.07.25-08.09.50:816][  0]LogInit: CPU Page size=4096, Cores=8
[2022.07.25-08.09.50:816][  0]LogInit: High frequency timer resolution =10.000000 MHz
[2022.07.25-08.09.50:816][  0]LogMemory: Memory total: Physical=15.7GB (16GB approx)
[2022.07.25-08.09.50:816][  0]LogMemory: Platform Memory Stats for Windows
[2022.07.25-08.09.50:816][  0]LogMemory: Process Physical Memory: 151.23 MB used, 151.23 MB peak
[2022.07.25-08.09.50:816][  0]LogMemory: Process Virtual Memory: 132.52 MB used, 132.52 MB peak
[2022.07.25-08.09.50:816][  0]LogMemory: Physical Memory: 10581.60 MB used,  5545.19 MB free, 16126.79 MB total
[2022.07.25-08.09.50:816][  0]LogMemory: Virtual Memory: 134206648.00 MB used,  11079.13 MB free, 134217728.00 MB total
[2022.07.25-08.09.51:116][  0]LogWindows: WindowsPlatformFeatures enabled
[2022.07.25-08.09.51:154][  0]LogInit: Physics initialised using underlying interface: PhysX
[2022.07.25-08.09.51:155][  0]LogInit: Using OS detected language (zh-CN).
[2022.07.25-08.09.51:155][  0]LogInit: Using OS detected locale (zh-CN).
[2022.07.25-08.09.51:157][  0]LogTextLocalizationManager: No specific localization for 'zh-CN' exists, so the 'zh-Hans' localization will be used.
[2022.07.25-08.09.51:264][  0]LogTextLocalizationResource: LocRes '../../../Engine/Content/Localization/Editor/zh/Editor.locres' could not be opened for reading!
[2022.07.25-08.09.51:264][  0]LogTextLocalizationResource: LocRes '../../../Engine/Content/Localization/EditorTutorials/zh/EditorTutorials.locres' could not be opened for reading!
[2022.07.25-08.09.51:265][  0]LogTextLocalizationResource: LocRes '../../../Engine/Content/Localization/Keywords/zh/Keywords.locres' could not be opened for reading!
[2022.07.25-08.09.51:265][  0]LogTextLocalizationResource: LocRes '../../../Engine/Content/Localization/Category/zh/Category.locres' could not be opened for reading!
[2022.07.25-08.09.51:265][  0]LogTextLocalizationResource: LocRes '../../../Engine/Content/Localization/ToolTips/zh/ToolTips.locres' could not be opened for reading!
[2022.07.25-08.09.51:265][  0]LogTextLocalizationResource: LocRes '../../../Engine/Content/Localization/PropertyNames/zh/PropertyNames.locres' could not be opened for reading!
[2022.07.25-08.09.51:265][  0]LogTextLocalizationResource: LocRes '../../../Engine/Content/Localization/Engine/zh/Engine.locres' could not be opened for reading!
[2022.07.25-08.09.51:265][  0]LogTextLocalizationResource: LocRes '../../../Engine/Plugins/Online/OnlineSubsystem/Content/Localization/OnlineSubsystem/zh/OnlineSubsystem.locres' could not be opened for reading!
[2022.07.25-08.09.51:265][  0]LogTextLocalizationResource: LocRes '../../../Engine/Plugins/Online/OnlineSubsystemUtils/Content/Localization/OnlineSubsystemUtils/zh/OnlineSubsystemUtils.locres' could not be opened for reading!
[2022.07.25-08.09.51:265][  0]LogTextLocalizationResource: LocRes '../../../Engine/Plugins/Online/Android/OnlineSubsystemGooglePlay/Content/Localization/OnlineSubsystemGooglePlay/zh/OnlineSubsystemGooglePlay.locres' could not be opened for reading!
[2022.07.25-08.09.51:265][  0]LogTextLocalizationResource: LocRes '../../../Engine/Plugins/Online/IOS/OnlineSubsystemIOS/Content/Localization/OnlineSubsystemIOS/zh/OnlineSubsystemIOS.locres' could not be opened for reading!
[2022.07.25-08.09.51:320][  0]LogInit: Setting process to per monitor DPI aware
[2022.07.25-08.09.51:330][  0]LogWindowsTextInputMethodSystem: Display: IME system deactivated.
[2022.07.25-08.09.51:343][  0]LogSlate: New Slate User Created.  User Index 0, Is Virtual User: 0
[2022.07.25-08.09.51:343][  0]LogSlate: Slate User Registered.  User Index 0, Is Virtual User: 0
[2022.07.25-08.09.51:482][  0]LogD3D11RHI: Loaded GFSDK_Aftermath_Lib.x64.dll
[2022.07.25-08.09.51:485][  0]LogHMD: Failed to initialize OpenVR with code 110
[2022.07.25-08.09.51:485][  0]LogD3D11RHI: D3D11 min allowed feature level: 11_0
[2022.07.25-08.09.51:485][  0]LogD3D11RHI: D3D11 max allowed feature level: 11_0
[2022.07.25-08.09.51:485][  0]LogD3D11RHI: D3D11 adapters:
[2022.07.25-08.09.51:576][  0]LogD3D11RHI:    0. 'NVIDIA GeForce RTX 3060 Laptop GPU' (Feature Level 11_0)
[2022.07.25-08.09.51:576][  0]LogD3D11RHI:       6023/0/8063 MB DedicatedVideo/DedicatedSystem/SharedSystem, Outputs:1, VendorId:0x10de
[2022.07.25-08.09.51:631][  0]LogD3D11RHI:    1. 'Intel(R) UHD Graphics' (Feature Level 11_0)
[2022.07.25-08.09.51:631][  0]LogD3D11RHI:       128/0/8063 MB DedicatedVideo/DedicatedSystem/SharedSystem, Outputs:0, VendorId:0x8086
[2022.07.25-08.09.51:633][  0]LogD3D11RHI:    2. 'Microsoft Basic Render Driver' (Feature Level 11_0)
[2022.07.25-08.09.51:633][  0]LogD3D11RHI:       0/0/8063 MB DedicatedVideo/DedicatedSystem/SharedSystem, Outputs:0, VendorId:0x1414
[2022.07.25-08.09.51:633][  0]LogD3D11RHI: Chosen D3D11 Adapter:
[2022.07.25-08.09.51:633][  0]LogD3D11RHI:     Description : NVIDIA GeForce RTX 3060 Laptop GPU
[2022.07.25-08.09.51:633][  0]LogD3D11RHI:     VendorId    : 10de
[2022.07.25-08.09.51:633][  0]LogD3D11RHI:     DeviceId    : 2560
[2022.07.25-08.09.51:633][  0]LogD3D11RHI:     SubSysId    : a701028
[2022.07.25-08.09.51:633][  0]LogD3D11RHI:     Revision    : 00a1
[2022.07.25-08.09.51:633][  0]LogD3D11RHI:     DedicatedVideoMemory : 6315573248 bytes
[2022.07.25-08.09.51:633][  0]LogD3D11RHI:     DedicatedSystemMemory : 0 bytes
[2022.07.25-08.09.51:633][  0]LogD3D11RHI:     SharedSystemMemory : 8455079936 bytes
[2022.07.25-08.09.51:633][  0]LogD3D11RHI:     AdapterLuid : 0 81822
[2022.07.25-08.09.51:642][  0]LogD3D11RHI: Creating new Direct3DDevice
[2022.07.25-08.09.51:642][  0]LogD3D11RHI:     GPU DeviceId: 0x2560 (for the marketing name, search the web for "GPU Device Id")
[2022.07.25-08.09.51:642][  0]LogWindows: EnumDisplayDevices:
[2022.07.25-08.09.51:642][  0]LogWindows:    0. 'NVIDIA GeForce RTX 3060 Laptop GPU' (P:1 D:1)
[2022.07.25-08.09.51:642][  0]LogWindows:    1. 'NVIDIA GeForce RTX 3060 Laptop GPU' (P:0 D:0)
[2022.07.25-08.09.51:642][  0]LogWindows:    2. 'NVIDIA GeForce RTX 3060 Laptop GPU' (P:0 D:0)
[2022.07.25-08.09.51:642][  0]LogWindows:    3. 'NVIDIA GeForce RTX 3060 Laptop GPU' (P:0 D:0)
[2022.07.25-08.09.51:643][  0]LogWindows:    4. 'Intel(R) UHD Graphics' (P:0 D:0)
[2022.07.25-08.09.51:643][  0]LogWindows:    5. 'Intel(R) UHD Graphics' (P:0 D:0)
[2022.07.25-08.09.51:643][  0]LogWindows:    6. 'Intel(R) UHD Graphics' (P:0 D:0)
[2022.07.25-08.09.51:643][  0]LogWindows:    7. 'Intel(R) UHD Graphics' (P:0 D:0)
[2022.07.25-08.09.51:643][  0]LogWindows: DebugString: PrimaryIsNotTheChoosenAdapter PrimaryIsNotTheChoosenAdapter PrimaryIsNotTheChoosenAdapter PrimaryIsNotTheChoosenAdapter FoundDriverCount:4 
[2022.07.25-08.09.51:643][  0]LogD3D11RHI:     Adapter Name: NVIDIA GeForce RTX 3060 Laptop GPU
[2022.07.25-08.09.51:643][  0]LogD3D11RHI:   Driver Version: 512.72 (internal:30.0.15.1272, unified:512.72)
[2022.07.25-08.09.51:643][  0]LogD3D11RHI:      Driver Date: 5-2-2022
[2022.07.25-08.09.51:643][  0]LogRHI: Texture pool is 4216 MB (70% of 6023 MB)
[2022.07.25-08.09.51:643][  0]LogD3D11RHI: Creating D3DDevice using adapter:
[2022.07.25-08.09.51:643][  0]LogD3D11RHI:     Description : NVIDIA GeForce RTX 3060 Laptop GPU
[2022.07.25-08.09.51:643][  0]LogD3D11RHI:     VendorId    : 10de
[2022.07.25-08.09.51:643][  0]LogD3D11RHI:     DeviceId    : 2560
[2022.07.25-08.09.51:643][  0]LogD3D11RHI:     SubSysId    : a701028
[2022.07.25-08.09.51:643][  0]LogD3D11RHI:     Revision    : 00a1
[2022.07.25-08.09.51:643][  0]LogD3D11RHI:     DedicatedVideoMemory : 6315573248 bytes
[2022.07.25-08.09.51:643][  0]LogD3D11RHI:     DedicatedSystemMemory : 0 bytes
[2022.07.25-08.09.51:643][  0]LogD3D11RHI:     SharedSystemMemory : 8455079936 bytes
[2022.07.25-08.09.51:643][  0]LogD3D11RHI:     AdapterLuid : 0 81822
[2022.07.25-08.09.51:705][  0]LogD3D11RHI: RHI has support for 64 bit atomics
[2022.07.25-08.09.51:705][  0]LogD3D11RHI: Async texture creation enabled
[2022.07.25-08.09.51:705][  0]LogD3D11RHI: Array index from any shader is supported
[2022.07.25-08.09.51:735][  0]LogD3D11RHI: GPU Timing Frequency: 1000.000000 (Debug: 2 2)
[2022.07.25-08.09.51:778][  0]LogRHI: GeForceNow SDK initialized: 1
[2022.07.25-08.09.52:108][  0]LogTargetPlatformManager: Display: Loaded TargetPlatform 'AllDesktop'
[2022.07.25-08.09.52:132][  0]LogTargetPlatformManager: Display: Loaded TargetPlatform 'Android'
[2022.07.25-08.09.52:132][  0]LogTargetPlatformManager: Display: Loaded TargetPlatform 'Android_ASTC'
[2022.07.25-08.09.52:132][  0]LogTargetPlatformManager: Display: Loaded TargetPlatform 'Android_DXT'
[2022.07.25-08.09.52:132][  0]LogTargetPlatformManager: Display: Loaded TargetPlatform 'Android_ETC2'
[2022.07.25-08.09.52:132][  0]LogTargetPlatformManager: Display: Loaded TargetPlatform 'AndroidClient'
[2022.07.25-08.09.52:132][  0]LogTargetPlatformManager: Display: Loaded TargetPlatform 'Android_ASTCClient'
[2022.07.25-08.09.52:132][  0]LogTargetPlatformManager: Display: Loaded TargetPlatform 'Android_DXTClient'
[2022.07.25-08.09.52:132][  0]LogTargetPlatformManager: Display: Loaded TargetPlatform 'Android_ETC2Client'
[2022.07.25-08.09.52:133][  0]LogTargetPlatformManager: Display: Loaded TargetPlatform 'Android_Multi'
[2022.07.25-08.09.52:133][  0]LogTargetPlatformManager: Display: Loaded TargetPlatform 'Android_MultiClient'
[2022.07.25-08.09.52:153][  0]LogTargetPlatformManager: Display: Loaded TargetPlatform 'IOSClient'
[2022.07.25-08.09.52:153][  0]LogTargetPlatformManager: Display: Loaded TargetPlatform 'IOS'
[2022.07.25-08.09.52:165][  0]LogTargetPlatformManager: Display: Loaded TargetPlatform 'Linux'
[2022.07.25-08.09.52:169][  0]LogTargetPlatformManager: Display: Loaded TargetPlatform 'LinuxNoEditor'
[2022.07.25-08.09.52:174][  0]LogTargetPlatformManager: Display: Loaded TargetPlatform 'LinuxClient'
[2022.07.25-08.09.52:179][  0]LogTargetPlatformManager: Display: Loaded TargetPlatform 'LinuxServer'
[2022.07.25-08.09.52:192][  0]LogTargetPlatformManager: Display: Loaded TargetPlatform 'LinuxAArch64NoEditor'
[2022.07.25-08.09.52:196][  0]LogTargetPlatformManager: Display: Loaded TargetPlatform 'LinuxAArch64Client'
[2022.07.25-08.09.52:201][  0]LogTargetPlatformManager: Display: Loaded TargetPlatform 'LinuxAArch64Server'
[2022.07.25-08.09.52:230][  0]LogTargetPlatformManager: Display: Loaded TargetPlatform 'Lumin'
[2022.07.25-08.09.52:230][  0]LogTargetPlatformManager: Display: Loaded TargetPlatform 'LuminClient'
[2022.07.25-08.09.52:242][  0]LogTargetPlatformManager: Display: Loaded TargetPlatform 'MacNoEditor'
[2022.07.25-08.09.52:247][  0]LogTargetPlatformManager: Display: Loaded TargetPlatform 'Mac'
[2022.07.25-08.09.52:250][  0]LogTargetPlatformManager: Display: Loaded TargetPlatform 'MacClient'
[2022.07.25-08.09.52:254][  0]LogTargetPlatformManager: Display: Loaded TargetPlatform 'MacServer'
[2022.07.25-08.09.52:264][  0]LogTargetPlatformManager: Display: Loaded TargetPlatform 'TVOSClient'
[2022.07.25-08.09.52:265][  0]LogTargetPlatformManager: Display: Loaded TargetPlatform 'TVOS'
[2022.07.25-08.09.52:275][  0]LogTargetPlatformManager: Display: Loaded TargetPlatform 'WindowsNoEditor'
[2022.07.25-08.09.52:279][  0]LogTargetPlatformManager: Display: Loaded TargetPlatform 'Windows'
[2022.07.25-08.09.52:282][  0]LogTargetPlatformManager: Display: Loaded TargetPlatform 'WindowsClient'
[2022.07.25-08.09.52:287][  0]LogTargetPlatformManager: Display: Loaded TargetPlatform 'WindowsServer'
[2022.07.25-08.09.52:287][  0]LogTargetPlatformManager: Display: Building Assets For Windows
[2022.07.25-08.09.52:294][  0]LogAudioDebug: Display: Lib vorbis DLL was dynamically loaded.
[2022.07.25-08.09.52:323][  0]LogTextureFormatOodle: Display: Oodle Texture 2.9.0 init RDO Off
[2022.07.25-08.09.52:355][  0]LogRendererCore: Ray tracing is disabled. Reason: r.RayTracing=0.
[2022.07.25-08.09.52:355][  0]LogShaderCompilers: Guid format shader working directory is 7 characters bigger than the processId version (D:/unreal/小试牛刀/开发/strategy-game/策略组的游戏/Intermediate/Shaders/WorkingDirectory/23140/).
[2022.07.25-08.09.52:355][  0]LogShaderCompilers: Cleaned the shader compiler working directory 'C:/Users/80480/AppData/Local/Temp/UnrealShaderWorkingDir/41878BE54C47E3C0B3EFF4AEE112DEE2/'.
[2022.07.25-08.09.52:355][  0]LogXGEController: Cannot use XGE Controller as Incredibuild is not installed on this machine.
[2022.07.25-08.09.52:355][  0]LogShaderCompilers: Cannot use XGE Shader Compiler as Incredibuild is not installed on this machine.
[2022.07.25-08.09.52:355][  0]LogShaderCompilers: Display: Using Local Shader Compiler.
[2022.07.25-08.09.53:061][  0]LogDerivedDataCache: Display: Max Cache Size: 512 MB
[2022.07.25-08.09.53:119][  0]LogDerivedDataCache: Loaded boot cache 0.06s 94MB C:/Users/80480/AppData/Local/UnrealEngine/4.27/DerivedDataCache/Boot.ddc.
[2022.07.25-08.09.53:119][  0]LogDerivedDataCache: Display: Loaded Boot cache: C:/Users/80480/AppData/Local/UnrealEngine/4.27/DerivedDataCache/Boot.ddc
[2022.07.25-08.09.53:120][  0]LogDerivedDataCache: FDerivedDataBackendGraph:  Pak pak cache file D:/unreal/小试牛刀/开发/strategy-game/策略组的游戏/DerivedDataCache/DDC.ddp not found, will not use a pak cache.
[2022.07.25-08.09.53:120][  0]LogDerivedDataCache: Unable to find inner node Pak for hierarchical cache Hierarchy.
[2022.07.25-08.09.53:120][  0]LogDerivedDataCache: FDerivedDataBackendGraph:  CompressedPak pak cache file D:/unreal/小试牛刀/开发/strategy-game/策略组的游戏/DerivedDataCache/Compressed.ddp not found, will not use a pak cache.
[2022.07.25-08.09.53:120][  0]LogDerivedDataCache: Unable to find inner node CompressedPak for hierarchical cache Hierarchy.
[2022.07.25-08.09.53:134][  0]LogDerivedDataCache: Display: Pak cache opened for reading ../../../Engine/DerivedDataCache/Compressed.ddp.
[2022.07.25-08.09.53:134][  0]LogDerivedDataCache: FDerivedDataBackendGraph:  EnterprisePak pak cache file ../../../Enterprise/DerivedDataCache/Compressed.ddp not found, will not use a pak cache.
[2022.07.25-08.09.53:134][  0]LogDerivedDataCache: Unable to find inner node EnterprisePak for hierarchical cache Hierarchy.
[2022.07.25-08.09.53:143][  0]LogDerivedDataCache: Speed tests for C:/Users/80480/AppData/Local/UnrealEngine/Common/DerivedDataCache took 0.01 seconds
[2022.07.25-08.09.53:143][  0]LogDerivedDataCache: Display: Performance to C:/Users/80480/AppData/Local/UnrealEngine/Common/DerivedDataCache: Latency=0.02ms. RandomReadSpeed=1695.89MBs, RandomWriteSpeed=113.91MBs. Assigned SpeedClass 'Local'
[2022.07.25-08.09.53:144][  0]LogDerivedDataCache: Using Local data cache path C:/Users/80480/AppData/Local/UnrealEngine/Common/DerivedDataCache: Writable
[2022.07.25-08.09.53:144][  0]LogDerivedDataCache: Shared data cache path not found in *engine.ini, will not use an Shared cache.
[2022.07.25-08.09.53:144][  0]LogDerivedDataCache: Unable to find inner node Shared for hierarchical cache Hierarchy.
[2022.07.25-08.09.53:183][  0]LogSlate: Using FreeType 2.10.0
[2022.07.25-08.09.53:184][  0]LogSlate: SlateFontServices - WITH_FREETYPE: 1, WITH_HARFBUZZ: 1
[2022.07.25-08.09.53:207][  0]LogAssetRegistry: FAssetRegistry took 0.0026 seconds to start up
[2022.07.25-08.09.53:444][  0]LogInit: Selected Device Profile: [Windows]
[2022.07.25-08.09.53:444][  0]LogInit: Active device profile: [0000021B2885AD00][0000021B1EE15180 49] Windows
[2022.07.25-08.09.53:445][  0]LogInit: Profiles: [0000021B2885AD00][0000021B1EE15180 49] Windows, [0000021B287E5B00][0000021B291F3300 49] WindowsNoEditor, [0000021B2885A000][0000021B27DFB480 49] WindowsServer, [0000021B287E6700][0000021B27DFF600 49] WindowsClient, [0000021B28859A00][0000021B1EE29780 49] IOS, [0000021B287E5500][0000021B25941900 49] iPadAir, [0000021B2885B000][0000021B2593DA80 49] iPadAir2, [0000021B287A1100][0000021B27E4C1C0 49] IPadPro, [0000021B287A1200][0000021B25938200 49] iPadAir3, [0000021B287E7400][0000021B27E48380 49] iPadAir4, [0000021B287A1F00][0000021B27E44500 49] iPadMini2, [0000021B287E5900][0000021B1EE18640 49] iPadMini3, [0000021B287A2A00][0000021B27E38780 49] iPadMini4, [0000021B287E7300][0000021B27E348C0 49] iPadMini5, [0000021B287D4B00][0000021B291AEB80 49] iPhone6, [0000021B287D4C00][0000021B258AEBC0 49] iPodTouch6, [0000021B28858700][0000021B1EE2CE80 49] iPhone7, [0000021B28858500][0000021B291B2EC0 49] iPodTouch7, [0000021B287A3B00][0000021B1EE31040 49] iPhone5S, [0000021B287D4100][0000021B1EDA31C0 49] iPhone6Plus, [0000021B2885AC00][0000021B1EDA7340 49] iPhone6S, [0000021B287D5400][0000021B1EDAB4C0 49] iPhone6SPlus, [0000021B287A3200][0000021B1EDAF640 49] iPhone7Plus, [0000021B287D6B00][0000021B1EDB37C0 49] iPhoneSE, [0000021B287A2E00][0000021B1EDB7940 49] iPhone8, [0000021B287D7A00][0000021B1EDBBAC0 49] iPhone8Plus, [0000021B287A3A00][0000021B1EDBE0C0 49] iPhoneX, [0000021B287D5D00][0000021B1EDC2240 49] iPhoneXS, [0000021B287A3700][0000021B258B63C0 49] iPhoneXSMax, [0000021B287D7500][0000021B258BA540 49] iPhoneXR, [0000021B287A0B00][0000021B258BE6C0 49] iPhone11, [0000021B287D6200][0000021B27E30800 49] iPhone11Pro, [0000021B287A2000][0000021B258C2940 49] iPhone11ProMax, [0000021B287D5300][0000021B258C6A80 49] iPhoneSE2, [0000021B287A1400][0000021B258CABC0 49] iPhone12Mini, [0000021B287D7E00][0000021B258D2D40 49] iPhone12, [0000021B287A0600][0000021B258D6EC0 49] iPhone12Pro, [0000021B287D5900][0000021B258DB040 49] iPhone12ProMax, [0000021B287A1900][0000021B291B71C0 49] iPadPro105, [0000021B287D7200][0000021B291BB340 49] iPadPro129, [0000021B287A0A00][0000021B291BF4C0 49] iPadPro97, [0000021B287D6A00][0000021B291C3640 49] iPadPro2_129, [0000021B287A1C00][0000021B291C77C0 49] iPad5, [0000021B287D4D00][0000021B291CB940 49] iPad6, [0000021B287A2F00][0000021B291CFAC0 49] iPad7, [0000021B287D7D00][0000021B291D20C0 49] iPad8, [0000021B287A0D00][0000021B291D6240 49] iPadPro11, [0000021B287D4A00][0000021B291DA3C0 49] iPadPro2_11, [0000021B287A2700][0000021B291DE540 49] iPadPro3_129, [0000021B287D6300][0000021B291E26C0 49] iPadPro4_129, [0000021B287A1300][0000021B291E6840 49] AppleTV, [0000021B287D7900][0000021B258CE980 49] AppleTV4K, [0000021B287A2C00][0000021B291EAAC0 49] TVOS, [0000021B287D5B00][0000021B291EEC00 49] Mac, [0000021B287A0E00][0000021B29622D40 49] MacClient, [0000021B287D5E00][0000021B2962AEC0 49] MacNoEditor, [0000021B287A3C00][0000021B2962F040 49] MacServer, [0000021B287D6900][0000021B296331C0 49] Linux, [0000021B287A2500][0000021B29637340 49] LinuxAArch64, [0000021B287D6E00][0000021B2963B4C0 49] LinuxNoEditor, [0000021B287A0100][0000021B2963F640 49] LinuxAArch64NoEditor, [0000021B287D7C00][0000021B296437C0 49] LinuxClient, [0000021B287A1E00][0000021B29647940 49] LinuxAArch64Client, [0000021B287D4700][0000021B2964BAC0 49] LinuxServer, [0000021B287A0400][0000021B2964E0C0 49] LinuxAArch64Server, [0000021B287D6600][0000021B29652240 49] Android, [0000021B287A1600][0000021B296563C0 49] Android_Low, [0000021B287D7300][0000021B2965A540 49] Android_Mid, [0000021B287A1000][0000021B2965E6C0 49] Android_High, [0000021B287D6500][0000021B29662840 49] Android_Default, [0000021B287A0800][0000021B296669C0 49] Android_Adreno4xx, [0000021B287D7600][0000021B2966AB40 49] Android_Adreno5xx_Low, [0000021B287A3400][0000021B29626C80 49] Android_Adreno5xx, [0000021B287D4900][0000021B290AEDC0 49] Android_Adreno6xx, [0000021B287E7500][0000021B290B2F00 49] Android_Adreno6xx_Vulkan, [0000021B28858C00][0000021B290BB080 49] Android_Mali_T6xx, [0000021B287E5C00][0000021B290BF200 49] Android_Mali_T7xx, [0000021B28858A00][0000021B290C3380 49] Android_Mali_T8xx, [0000021B287E7F00][0000021B290C7500 49] Android_Mali_G71, [0000021B2885AF00][0000021B290CB680 49] Android_Mali_G72, [0000021B287E4500][0000021B290CF800 49] Android_Mali_G72_Vulkan, [0000021B2885A300][0000021B290D3980 49] Android_Mali_G76, [0000021B287E7E00][0000021B290D7B00 49] Android_Mali_G76_Vulkan, [0000021B28859700][0000021B290DA100 49] Android_Mali_G77, [0000021B287E7000][0000021B290DE280 49] Android_Mali_G77_Vulkan, [0000021B28859800][0000021B290E2400 49] Android_Mali_G78, [0000021B287E5600][0000021B290E6580 49] Android_Mali_G78_Vulkan, [0000021B28858100][0000021B290EA700 49] Android_Mali_G710, [0000021B287E7100][0000021B290EE880 49] Android_Mali_G710_Vulkan, [0000021B2885B500][0000021B290F2A00 49] Android_Vulkan_SM5, [0000021B287E6600][0000021B290F6B80 49] Android_PowerVR_G6xxx, [0000021B28859C00][0000021B290FAD00 49] Android_PowerVR_GT7xxx, [0000021B287E4700][0000021B290B6E40 49] Android_PowerVR_GE8xxx, [0000021B2885B400][0000021B290FEF80 49] Android_PowerVR_GM9xxx, [0000021B287E6200][0000021B291030C0 49] Android_PowerVR_GM9xxx_Vulkan, [0000021B28858600][0000021B2910B240 49] Android_TegraK1, [0000021B287E7800][0000021B2910F3C0 49] Android_Unknown_Vulkan, [0000021B28859E00][0000021B29113540 49] Lumin, [0000021B287D6400][0000021B291176C0 49] Lumin_Desktop, [0000021B2885B900][0000021B2911B840 49] HoloLens, 
[2022.07.25-08.09.53:571][  0]LogMeshReduction: Using QuadricMeshReduction for automatic static mesh reduction
[2022.07.25-08.09.53:571][  0]LogMeshReduction: Using SimplygonMeshReduction for automatic skeletal mesh reduction
[2022.07.25-08.09.53:571][  0]LogMeshReduction: Using ProxyLODMeshReduction for automatic mesh merging
[2022.07.25-08.09.53:571][  0]LogMeshReduction: No distributed automatic mesh merging module available
[2022.07.25-08.09.53:571][  0]LogMeshMerging: No distributed automatic mesh merging module available
[2022.07.25-08.09.53:586][  0]LogNetVersion: 策略组的游戏 1.0.0, NetCL: 17155196, EngineNetVer: 17, GameNetVer: 0 (Checksum: 3822436595)
[2022.07.25-08.09.53:974][  0]LogTexture: Default maximum texture size for cubemaps generated from long-lat sources has been changed from 512 to unlimited. In order to preserve old behaiour for '/Engine/MapTemplates/Sky/DaylightAmbientCubemap.DaylightAmbientCubemap', its maximum texture size has been explicitly set to 512.
[2022.07.25-08.09.54:036][  0]LogHMD: PokeAHoleMaterial loaded successfully
[2022.07.25-08.09.54:042][  0]LogUObjectArray: 17178 objects as part of root set at end of initial load.
[2022.07.25-08.09.54:042][  0]LogUObjectAllocator: 4302048 out of 0 bytes used by permanent object pool.
[2022.07.25-08.09.54:042][  0]LogUObjectArray: CloseDisregardForGC: 0/0 objects in disregard for GC pool
[2022.07.25-08.09.54:287][  0]LogPython: Using Python 3.7.7
[2022.07.25-08.09.54:742][  0]LogNiagaraDebuggerClient: Niagara Debugger Client Initialized | Session: EF0E261142C406B75F9365B056E87269 | Instance: F0FDA51743802B7FC19B549CDA3FC04E (SUNLUO-23140).
[2022.07.25-08.09.54:884][  0]LogUdpMessaging: Initializing bridge on interface 0.0.0.0:0 to multicast group 230.0.0.1:6666.
[2022.07.25-08.09.54:890][  0]LogTcpMessaging: Initializing TcpMessaging bridge
[2022.07.25-08.09.55:021][  0]SourceControl: 源码管理已禁用
[2022.07.25-08.09.55:021][  0]SourceControl: 源码管理已禁用
[2022.07.25-08.09.55:026][  0]SourceControl: 源码管理已禁用
[2022.07.25-08.09.55:029][  0]SourceControl: 源码管理已禁用
[2022.07.25-08.09.55:040][  0]SourceControl: 源码管理已禁用
[2022.07.25-08.09.55:048][  0]LogUProjectInfo: Found projects:
[2022.07.25-08.09.55:220][  0]LogOpenImageDenoise: OIDN starting up
[2022.07.25-08.09.55:282][  0]LogAndroidPermission: UAndroidPermissionCallbackProxy::GetInstance
[2022.07.25-08.09.55:299][  0]LogAudioCaptureCore: Display: No Audio Capture implementations found. Audio input will be silent.
[2022.07.25-08.09.55:299][  0]LogAudioCaptureCore: Display: No Audio Capture implementations found. Audio input will be silent.
[2022.07.25-08.09.55:416][  0]LogCollectionManager: Loaded 0 collections in 0.000602 seconds
[2022.07.25-08.09.55:437][  0]LogFileCache: Scanning file cache for directory 'D:/unreal/小试牛刀/开发/strategy-game/策略组的游戏/Saved/Collections/' took 0.00s
[2022.07.25-08.09.55:437][  0]LogFileCache: Scanning file cache for directory 'D:/unreal/小试牛刀/开发/strategy-game/策略组的游戏/Content/Developers/80480/Collections/' took 0.00s
[2022.07.25-08.09.55:437][  0]LogFileCache: Scanning file cache for directory 'D:/unreal/小试牛刀/开发/strategy-game/策略组的游戏/Content/Collections/' took 0.00s
[2022.07.25-08.09.55:437][  0]LogOcInput: OculusInput pre-init called
[2022.07.25-08.09.55:669][  0]LogEngine: Initializing Engine...
[2022.07.25-08.09.55:671][  0]LogHMD: Failed to enumerate extensions. Please check that you have a valid OpenXR runtime installed.
[2022.07.25-08.09.55:671][  0]LogHMD: Failed to initialize OpenVR with code 110
[2022.07.25-08.09.55:671][  0]LogMagicLeap: Warning: VR disabled because ZI is not enabled.  To enable, in the editor, Edit -> Project Settings -> Plugins -> Magic Leap Plugin -> Enable Zero Iteration
[2022.07.25-08.09.55:672][  0]LogStats: UGameplayTagsManager::InitializeManager -  0.001 s
[2022.07.25-08.09.55:797][  0]LogInit: Initializing FReadOnlyCVARCache
[2022.07.25-08.09.55:807][  0]LogAIModule: Creating AISystem for world Untitled
[2022.07.25-08.09.55:808][  0]LogAudio: Display: Initializing Audio Device Manager...
[2022.07.25-08.09.55:811][  0]LogAudio: Display: Loading Default Audio Settings Objects...
[2022.07.25-08.09.55:812][  0]LogAudio: Display: No default SoundConcurrencyObject specified (or failed to load).
[2022.07.25-08.09.55:813][  0]LogAudio: Display: Audio Device Manager Initialized
[2022.07.25-08.09.55:813][  0]LogAudio: Display: Creating Audio Device:                 Id: 1, Scope: Shared, Realtime: True
[2022.07.25-08.09.55:813][  0]LogAudioMixer: Display: Audio Mixer Platform Settings:
[2022.07.25-08.09.55:813][  0]LogAudioMixer: Display: 	Sample Rate:						  48000
[2022.07.25-08.09.55:813][  0]LogAudioMixer: Display: 	Callback Buffer Frame Size Requested: 1024
[2022.07.25-08.09.55:813][  0]LogAudioMixer: Display: 	Callback Buffer Frame Size To Use:	  1024
[2022.07.25-08.09.55:813][  0]LogAudioMixer: Display: 	Number of buffers to queue:			  2
[2022.07.25-08.09.55:813][  0]LogAudioMixer: Display: 	Max Channels (voices):				  32
[2022.07.25-08.09.55:813][  0]LogAudioMixer: Display: 	Number of Async Source Workers:		  0
[2022.07.25-08.09.55:813][  0]LogAudio: Display: AudioDevice MaxSources: 32
[2022.07.25-08.09.55:813][  0]LogAudio: Display: Audio Spatialization Plugin: None (built-in).
[2022.07.25-08.09.55:813][  0]LogAudio: Display: Audio Reverb Plugin: None (built-in).
[2022.07.25-08.09.55:813][  0]LogAudio: Display: Audio Occlusion Plugin: None (built-in).
[2022.07.25-08.09.55:813][  0]LogAudioMixer: Display: Initializing audio mixer.
[2022.07.25-08.09.55:906][  0]LogAudioMixer: Display: 0: FrontLeft
[2022.07.25-08.09.55:906][  0]LogAudioMixer: Display: 1: FrontRight
[2022.07.25-08.09.55:925][  0]LogAudioMixer: Display: Using Audio Device 扬声器 (Razer USB Sound Card)
[2022.07.25-08.09.55:929][  0]LogAudioMixer: Display: Initializing Sound Submixes...
[2022.07.25-08.09.55:931][  0]LogAudioMixer: Display: Creating Master Submix 'MasterSubmixDefault'
[2022.07.25-08.09.55:931][  0]LogAudioMixer: Display: Creating Master Submix 'MasterReverbSubmixDefault'
[2022.07.25-08.09.55:931][  0]LogAudioMixer: Display: Creating Master Submix 'MasterEQSubmixDefault'
[2022.07.25-08.09.55:932][  0]LogAudioMixer: FMixerPlatformXAudio2::StartAudioStream() called
[2022.07.25-08.09.55:932][  0]LogAudioMixer: Display: Output buffers initialized: Frames=1024, Channels=2, Samples=2048
[2022.07.25-08.09.55:932][  0]LogAudioMixer: Display: Starting AudioMixerPlatformInterface::RunInternal()
[2022.07.25-08.09.55:932][  0]LogAudioMixer: Display: FMixerPlatformXAudio2::SubmitBuffer() called for the first time
[2022.07.25-08.09.55:932][  0]LogInit: FAudioDevice initialized.
[2022.07.25-08.09.55:932][  0]LogAudio: Display: Audio Device (ID: 1) registered with world 'Untitled'.
[2022.07.25-08.09.55:932][  0]LogNetVersion: Set ProjectVersion to 1.0.0.0. Version Checksum will be recalculated on next use.
[2022.07.25-08.09.55:978][  0]LogDerivedDataCache: Saved boot cache 0.05s 94MB C:/Users/80480/AppData/Local/UnrealEngine/4.27/DerivedDataCache/Boot.ddc.
[2022.07.25-08.09.55:979][  0]LogInit: Texture streaming: Enabled
[2022.07.25-08.09.55:991][  0]LogAnalytics: Display: [UEEditor.Rocket.Release] APIServer = https://datarouter.ol.epicgames.com/. AppVersion = 4.27.2-18319896+++UE4+Release-4.27
[2022.07.25-08.09.55:995][  0]LogEngineSessionManager: EngineSessionManager initialized
[2022.07.25-08.09.55:995][  0]LogEditorSessionSummary: Verbose: Initializing EditorSessionSummaryWriter for editor session tracking
[2022.07.25-08.09.55:996][  0]LogEditorSessionSummary: EditorSessionSummaryWriter initialized
[2022.07.25-08.09.56:030][  0]LogInit: Transaction tracking system initialized
[2022.07.25-08.09.56:049][  0]BlueprintLog: New page: 编辑器加载
[2022.07.25-08.09.56:108][  0]LocalizationService: 本地化服务已禁用
[2022.07.25-08.09.56:130][  0]TimingProfiler: Initialize
[2022.07.25-08.09.56:131][  0]TimingProfiler: OnSessionChanged
[2022.07.25-08.09.56:131][  0]LoadingProfiler: Initialize
[2022.07.25-08.09.56:131][  0]LoadingProfiler: OnSessionChanged
[2022.07.25-08.09.56:131][  0]NetworkingProfiler: Initialize
[2022.07.25-08.09.56:131][  0]NetworkingProfiler: OnSessionChanged
[2022.07.25-08.09.56:131][  0]MemoryProfiler: Initialize
[2022.07.25-08.09.56:131][  0]MemoryProfiler: OnSessionChanged
[2022.07.25-08.09.56:248][  0]LogCook: Display: CookSettings for Memory: MemoryMaxUsedVirtual 0MiB, MemoryMaxUsedPhysical 16384MiB, MemoryMinFreeVirtual 0MiB, MemoryMinFreePhysical 1024MiB
[2022.07.25-08.09.56:248][  0]LogCook: Display: Mobile HDR setting 1
[2022.07.25-08.09.56:435][  0]LogFileCache: Scanning file cache for directory 'D:/unreal/小试牛刀/开发/strategy-game/策略组的游戏/Content/' took 0.01s
[2022.07.25-08.09.56:626][  0]LogInit: Display: Engine is initialized. Leaving FEngineLoop::Init()
[2022.07.25-08.09.56:628][  0]SourceControl: 源码管理已禁用
[2022.07.25-08.09.56:628][  0]LogUnrealEdMisc: Loading editor; pre map load, took 7.410
[2022.07.25-08.09.56:629][  0]Cmd: MAP LOAD FILE="../../../Engine/Content/Maps/Templates/Template_Default.umap" TEMPLATE=1 SHOWPROGRESS=1 FEATURELEVEL=3
[2022.07.25-08.09.56:629][  0]LightingResults: New page: 光照构建
[2022.07.25-08.09.56:630][  0]LogWorld: UWorld::CleanupWorld for Untitled, bSessionEnded=true, bCleanupResources=true
[2022.07.25-08.09.56:630][  0]LogSlate: InvalidateAllWidgets triggered.  All widgets were invalidated
[2022.07.25-08.09.56:630][  0]MapCheck: New page: 地图检测
[2022.07.25-08.09.56:630][  0]LightingResults: New page: 光照构建
[2022.07.25-08.09.56:636][  0]LogAudio: Display: Audio Device unregistered from world 'None'.
[2022.07.25-08.09.56:640][  0]LogUObjectHash: Compacting FUObjectHashTables data took   0.86ms
[2022.07.25-08.09.56:691][  0]LogTexture: Display: 正在编译纹理：DeprecatedTextureEB9CBE3C423008B5E8E130901E171C89（BGRA8、128X128）
[2022.07.25-08.09.56:703][  0]LogAudio: Display: Audio Device (ID: 1) registered with world 'Untitled_1'.
[2022.07.25-08.09.56:707][  0]LogAIModule: Creating AISystem for world Untitled_1
[2022.07.25-08.09.56:712][  0]LogEditorServer: Finished looking for orphan Actors (0.000 secs)
[2022.07.25-08.09.56:718][  0]LogUObjectHash: Compacting FUObjectHashTables data took   0.98ms
[2022.07.25-08.09.56:718][  0]Cmd: MAP CHECKDEP NOCLEARLOG
[2022.07.25-08.09.56:719][  0]MapCheck: 地图检测完成：0个错误、0个警告、完成用时0.979毫秒。
[2022.07.25-08.09.56:719][  0]LogFileHelpers: Loading map 'Template_Default' took 0.091
[2022.07.25-08.09.56:722][  0]LogUnrealEdMisc: Total Editor Startup Time, took 7.503
[2022.07.25-08.09.56:819][  0]LogSlate: Updating window title bar state: overlay mode, drag disabled, window buttons hidden, title bar hidden
[2022.07.25-08.09.56:825][  0]LogSlate: Updating window title bar state: overlay mode, drag disabled, window buttons hidden, title bar hidden
[2022.07.25-08.09.56:831][  0]LogSlate: Updating window title bar state: overlay mode, drag disabled, window buttons hidden, title bar hidden
[2022.07.25-08.09.56:837][  0]LogSlate: Updating window title bar state: overlay mode, drag disabled, window buttons hidden, title bar hidden
[2022.07.25-08.09.56:850][  0]LogNativeClassHierarchy: Verbose: Native class hierarchy populated in 0.0087 seconds. Added 3822 classes and 928 folders.
[2022.07.25-08.09.56:852][  0]LogNativeClassHierarchy: Verbose: Native class hierarchy updated for 'WidgetCarousel' in 0.0003 seconds. Added 0 classes and 0 folders.
[2022.07.25-08.09.56:854][  0]LogPakFile: PakFile PrimaryIndexSize=187
[2022.07.25-08.09.56:854][  0]LogPakFile: PakFile PathHashIndexSize=101
[2022.07.25-08.09.56:854][  0]LogPakFile: PakFile FullDirectoryIndexSize=148
[2022.07.25-08.09.56:854][  0]LogShaderLibrary: Display: ShaderCodeLibraryPakFileMountedCallback: PakFile 'E:/UE4.27.2/UE_4.27/FeaturePacks/FP_FirstPerson.upack' (chunk index -1, root 'root:/') mounted
[2022.07.25-08.09.56:854][  0]LogShaderLibrary: Display: ShaderCodeLibraryPakFileMountedCallback: pending pak file info (ChunkID:-1 Root:root:/ File:E:/UE4.27.2/UE_4.27/FeaturePacks/FP_FirstPerson.upack)
[2022.07.25-08.09.56:854][  0]LogPakFile: OnPakFileMounted2Time == 0.000053
[2022.07.25-08.09.56:856][  0]LogPakFile: PakFile PrimaryIndexSize=189
[2022.07.25-08.09.56:856][  0]LogPakFile: PakFile PathHashIndexSize=101
[2022.07.25-08.09.56:856][  0]LogPakFile: PakFile FullDirectoryIndexSize=152
[2022.07.25-08.09.56:856][  0]LogShaderLibrary: Display: ShaderCodeLibraryPakFileMountedCallback: PakFile 'E:/UE4.27.2/UE_4.27/FeaturePacks/FP_FirstPersonBP.upack' (chunk index -1, root 'root:/') mounted
[2022.07.25-08.09.56:856][  0]LogShaderLibrary: Display: ShaderCodeLibraryPakFileMountedCallback: pending pak file info (ChunkID:-1 Root:root:/ File:E:/UE4.27.2/UE_4.27/FeaturePacks/FP_FirstPersonBP.upack)
[2022.07.25-08.09.56:856][  0]LogPakFile: OnPakFileMounted2Time == 0.000039
[2022.07.25-08.09.56:857][  0]LogPakFile: PakFile PrimaryIndexSize=191
[2022.07.25-08.09.56:857][  0]LogPakFile: PakFile PathHashIndexSize=101
[2022.07.25-08.09.56:857][  0]LogPakFile: PakFile FullDirectoryIndexSize=160
[2022.07.25-08.09.56:857][  0]LogShaderLibrary: Display: ShaderCodeLibraryPakFileMountedCallback: PakFile 'E:/UE4.27.2/UE_4.27/FeaturePacks/MobileStarterContent.upack' (chunk index -1, root 'root:/') mounted
[2022.07.25-08.09.56:857][  0]LogShaderLibrary: Display: ShaderCodeLibraryPakFileMountedCallback: pending pak file info (ChunkID:-1 Root:root:/ File:E:/UE4.27.2/UE_4.27/FeaturePacks/MobileStarterContent.upack)
[2022.07.25-08.09.56:857][  0]LogPakFile: OnPakFileMounted2Time == 0.000028
[2022.07.25-08.09.56:859][  0]LogPakFile: PakFile PrimaryIndexSize=185
[2022.07.25-08.09.56:859][  0]LogPakFile: PakFile PathHashIndexSize=101
[2022.07.25-08.09.56:859][  0]LogPakFile: PakFile FullDirectoryIndexSize=148
[2022.07.25-08.09.56:859][  0]LogShaderLibrary: Display: ShaderCodeLibraryPakFileMountedCallback: PakFile 'E:/UE4.27.2/UE_4.27/FeaturePacks/StarterContent.upack' (chunk index -1, root 'root:/') mounted
[2022.07.25-08.09.56:859][  0]LogShaderLibrary: Display: ShaderCodeLibraryPakFileMountedCallback: pending pak file info (ChunkID:-1 Root:root:/ File:E:/UE4.27.2/UE_4.27/FeaturePacks/StarterContent.upack)
[2022.07.25-08.09.56:859][  0]LogPakFile: OnPakFileMounted2Time == 0.000041
[2022.07.25-08.09.56:860][  0]LogPakFile: PakFile PrimaryIndexSize=190
[2022.07.25-08.09.56:860][  0]LogPakFile: PakFile PathHashIndexSize=101
[2022.07.25-08.09.56:860][  0]LogPakFile: PakFile FullDirectoryIndexSize=154
[2022.07.25-08.09.56:860][  0]LogShaderLibrary: Display: ShaderCodeLibraryPakFileMountedCallback: PakFile 'E:/UE4.27.2/UE_4.27/FeaturePacks/TP_2DSideScroller.upack' (chunk index -1, root 'root:/') mounted
[2022.07.25-08.09.56:860][  0]LogShaderLibrary: Display: ShaderCodeLibraryPakFileMountedCallback: pending pak file info (ChunkID:-1 Root:root:/ File:E:/UE4.27.2/UE_4.27/FeaturePacks/TP_2DSideScroller.upack)
[2022.07.25-08.09.56:860][  0]LogPakFile: OnPakFileMounted2Time == 0.000031
[2022.07.25-08.09.56:861][  0]LogPakFile: PakFile PrimaryIndexSize=192
[2022.07.25-08.09.56:861][  0]LogPakFile: PakFile PathHashIndexSize=101
[2022.07.25-08.09.56:861][  0]LogPakFile: PakFile FullDirectoryIndexSize=158
[2022.07.25-08.09.56:861][  0]LogShaderLibrary: Display: ShaderCodeLibraryPakFileMountedCallback: PakFile 'E:/UE4.27.2/UE_4.27/FeaturePacks/TP_2DSideScrollerBP.upack' (chunk index -1, root 'root:/') mounted
[2022.07.25-08.09.56:861][  0]LogShaderLibrary: Display: ShaderCodeLibraryPakFileMountedCallback: pending pak file info (ChunkID:-1 Root:root:/ File:E:/UE4.27.2/UE_4.27/FeaturePacks/TP_2DSideScrollerBP.upack)
[2022.07.25-08.09.56:861][  0]LogPakFile: OnPakFileMounted2Time == 0.000034
[2022.07.25-08.09.56:863][  0]LogPakFile: PakFile PrimaryIndexSize=182
[2022.07.25-08.09.56:863][  0]LogPakFile: PakFile PathHashIndexSize=101
[2022.07.25-08.09.56:863][  0]LogPakFile: PakFile FullDirectoryIndexSize=138
[2022.07.25-08.09.56:863][  0]LogShaderLibrary: Display: ShaderCodeLibraryPakFileMountedCallback: PakFile 'E:/UE4.27.2/UE_4.27/FeaturePacks/TP_Flying.upack' (chunk index -1, root 'root:/') mounted
[2022.07.25-08.09.56:863][  0]LogShaderLibrary: Display: ShaderCodeLibraryPakFileMountedCallback: pending pak file info (ChunkID:-1 Root:root:/ File:E:/UE4.27.2/UE_4.27/FeaturePacks/TP_Flying.upack)
[2022.07.25-08.09.56:863][  0]LogPakFile: OnPakFileMounted2Time == 0.000035
[2022.07.25-08.09.56:864][  0]LogPakFile: PakFile PrimaryIndexSize=184
[2022.07.25-08.09.56:864][  0]LogPakFile: PakFile PathHashIndexSize=101
[2022.07.25-08.09.56:864][  0]LogPakFile: PakFile FullDirectoryIndexSize=142
[2022.07.25-08.09.56:864][  0]LogShaderLibrary: Display: ShaderCodeLibraryPakFileMountedCallback: PakFile 'E:/UE4.27.2/UE_4.27/FeaturePacks/TP_FlyingBP.upack' (chunk index -1, root 'root:/') mounted
[2022.07.25-08.09.56:864][  0]LogShaderLibrary: Display: ShaderCodeLibraryPakFileMountedCallback: pending pak file info (ChunkID:-1 Root:root:/ File:E:/UE4.27.2/UE_4.27/FeaturePacks/TP_FlyingBP.upack)
[2022.07.25-08.09.56:864][  0]LogPakFile: OnPakFileMounted2Time == 0.000026
[2022.07.25-08.09.56:865][  0]LogPakFile: PakFile PrimaryIndexSize=188
[2022.07.25-08.09.56:865][  0]LogPakFile: PakFile PathHashIndexSize=101
[2022.07.25-08.09.56:865][  0]LogPakFile: PakFile FullDirectoryIndexSize=150
[2022.07.25-08.09.56:865][  0]LogShaderLibrary: Display: ShaderCodeLibraryPakFileMountedCallback: PakFile 'E:/UE4.27.2/UE_4.27/FeaturePacks/TP_HandheldARBP.upack' (chunk index -1, root 'root:/') mounted
[2022.07.25-08.09.56:865][  0]LogShaderLibrary: Display: ShaderCodeLibraryPakFileMountedCallback: pending pak file info (ChunkID:-1 Root:root:/ File:E:/UE4.27.2/UE_4.27/FeaturePacks/TP_HandheldARBP.upack)
[2022.07.25-08.09.56:865][  0]LogPakFile: OnPakFileMounted2Time == 0.000031
[2022.07.25-08.09.56:867][  0]LogPakFile: PakFile PrimaryIndexSize=182
[2022.07.25-08.09.56:867][  0]LogPakFile: PakFile PathHashIndexSize=101
[2022.07.25-08.09.56:867][  0]LogPakFile: PakFile FullDirectoryIndexSize=138
[2022.07.25-08.09.56:867][  0]LogShaderLibrary: Display: ShaderCodeLibraryPakFileMountedCallback: PakFile 'E:/UE4.27.2/UE_4.27/FeaturePacks/TP_Puzzle.upack' (chunk index -1, root 'root:/') mounted
[2022.07.25-08.09.56:867][  0]LogShaderLibrary: Display: ShaderCodeLibraryPakFileMountedCallback: pending pak file info (ChunkID:-1 Root:root:/ File:E:/UE4.27.2/UE_4.27/FeaturePacks/TP_Puzzle.upack)
[2022.07.25-08.09.56:867][  0]LogPakFile: OnPakFileMounted2Time == 0.000039
[2022.07.25-08.09.56:869][  0]LogPakFile: PakFile PrimaryIndexSize=184
[2022.07.25-08.09.56:869][  0]LogPakFile: PakFile PathHashIndexSize=101
[2022.07.25-08.09.56:869][  0]LogPakFile: PakFile FullDirectoryIndexSize=142
[2022.07.25-08.09.56:869][  0]LogShaderLibrary: Display: ShaderCodeLibraryPakFileMountedCallback: PakFile 'E:/UE4.27.2/UE_4.27/FeaturePacks/TP_PuzzleBP.upack' (chunk index -1, root 'root:/') mounted
[2022.07.25-08.09.56:869][  0]LogShaderLibrary: Display: ShaderCodeLibraryPakFileMountedCallback: pending pak file info (ChunkID:-1 Root:root:/ File:E:/UE4.27.2/UE_4.27/FeaturePacks/TP_PuzzleBP.upack)
[2022.07.25-08.09.56:869][  0]LogPakFile: OnPakFileMounted2Time == 0.000042
[2022.07.25-08.09.56:870][  0]LogPakFile: PakFile PrimaryIndexSize=183
[2022.07.25-08.09.56:870][  0]LogPakFile: PakFile PathHashIndexSize=101
[2022.07.25-08.09.56:870][  0]LogPakFile: PakFile FullDirectoryIndexSize=140
[2022.07.25-08.09.56:870][  0]LogShaderLibrary: Display: ShaderCodeLibraryPakFileMountedCallback: PakFile 'E:/UE4.27.2/UE_4.27/FeaturePacks/TP_Rolling.upack' (chunk index -1, root 'root:/') mounted
[2022.07.25-08.09.56:870][  0]LogShaderLibrary: Display: ShaderCodeLibraryPakFileMountedCallback: pending pak file info (ChunkID:-1 Root:root:/ File:E:/UE4.27.2/UE_4.27/FeaturePacks/TP_Rolling.upack)
[2022.07.25-08.09.56:870][  0]LogPakFile: OnPakFileMounted2Time == 0.000031
[2022.07.25-08.09.56:872][  0]LogPakFile: PakFile PrimaryIndexSize=185
[2022.07.25-08.09.56:872][  0]LogPakFile: PakFile PathHashIndexSize=101
[2022.07.25-08.09.56:872][  0]LogPakFile: PakFile FullDirectoryIndexSize=144
[2022.07.25-08.09.56:872][  0]LogShaderLibrary: Display: ShaderCodeLibraryPakFileMountedCallback: PakFile 'E:/UE4.27.2/UE_4.27/FeaturePacks/TP_RollingBP.upack' (chunk index -1, root 'root:/') mounted
[2022.07.25-08.09.56:872][  0]LogShaderLibrary: Display: ShaderCodeLibraryPakFileMountedCallback: pending pak file info (ChunkID:-1 Root:root:/ File:E:/UE4.27.2/UE_4.27/FeaturePacks/TP_RollingBP.upack)
[2022.07.25-08.09.56:872][  0]LogPakFile: OnPakFileMounted2Time == 0.000041
[2022.07.25-08.09.56:873][  0]LogPakFile: PakFile PrimaryIndexSize=188
[2022.07.25-08.09.56:873][  0]LogPakFile: PakFile PathHashIndexSize=101
[2022.07.25-08.09.56:873][  0]LogPakFile: PakFile FullDirectoryIndexSize=150
[2022.07.25-08.09.56:873][  0]LogShaderLibrary: Display: ShaderCodeLibraryPakFileMountedCallback: PakFile 'E:/UE4.27.2/UE_4.27/FeaturePacks/TP_SideScroller.upack' (chunk index -1, root 'root:/') mounted
[2022.07.25-08.09.56:874][  0]LogShaderLibrary: Display: ShaderCodeLibraryPakFileMountedCallback: pending pak file info (ChunkID:-1 Root:root:/ File:E:/UE4.27.2/UE_4.27/FeaturePacks/TP_SideScroller.upack)
[2022.07.25-08.09.56:874][  0]LogPakFile: OnPakFileMounted2Time == 0.000034
[2022.07.25-08.09.56:875][  0]LogPakFile: PakFile PrimaryIndexSize=190
[2022.07.25-08.09.56:875][  0]LogPakFile: PakFile PathHashIndexSize=101
[2022.07.25-08.09.56:875][  0]LogPakFile: PakFile FullDirectoryIndexSize=154
[2022.07.25-08.09.56:875][  0]LogShaderLibrary: Display: ShaderCodeLibraryPakFileMountedCallback: PakFile 'E:/UE4.27.2/UE_4.27/FeaturePacks/TP_SideScrollerBP.upack' (chunk index -1, root 'root:/') mounted
[2022.07.25-08.09.56:875][  0]LogShaderLibrary: Display: ShaderCodeLibraryPakFileMountedCallback: pending pak file info (ChunkID:-1 Root:root:/ File:E:/UE4.27.2/UE_4.27/FeaturePacks/TP_SideScrollerBP.upack)
[2022.07.25-08.09.56:875][  0]LogPakFile: OnPakFileMounted2Time == 0.000028
[2022.07.25-08.09.56:876][  0]LogPakFile: PakFile PrimaryIndexSize=187
[2022.07.25-08.09.56:876][  0]LogPakFile: PakFile PathHashIndexSize=101
[2022.07.25-08.09.56:876][  0]LogPakFile: PakFile FullDirectoryIndexSize=148
[2022.07.25-08.09.56:876][  0]LogShaderLibrary: Display: ShaderCodeLibraryPakFileMountedCallback: PakFile 'E:/UE4.27.2/UE_4.27/FeaturePacks/TP_ThirdPerson.upack' (chunk index -1, root 'root:/') mounted
[2022.07.25-08.09.56:876][  0]LogShaderLibrary: Display: ShaderCodeLibraryPakFileMountedCallback: pending pak file info (ChunkID:-1 Root:root:/ File:E:/UE4.27.2/UE_4.27/FeaturePacks/TP_ThirdPerson.upack)
[2022.07.25-08.09.56:876][  0]LogPakFile: OnPakFileMounted2Time == 0.000036
[2022.07.25-08.09.56:878][  0]LogPakFile: PakFile PrimaryIndexSize=189
[2022.07.25-08.09.56:878][  0]LogPakFile: PakFile PathHashIndexSize=101
[2022.07.25-08.09.56:878][  0]LogPakFile: PakFile FullDirectoryIndexSize=152
[2022.07.25-08.09.56:878][  0]LogShaderLibrary: Display: ShaderCodeLibraryPakFileMountedCallback: PakFile 'E:/UE4.27.2/UE_4.27/FeaturePacks/TP_ThirdPersonBP.upack' (chunk index -1, root 'root:/') mounted
[2022.07.25-08.09.56:878][  0]LogShaderLibrary: Display: ShaderCodeLibraryPakFileMountedCallback: pending pak file info (ChunkID:-1 Root:root:/ File:E:/UE4.27.2/UE_4.27/FeaturePacks/TP_ThirdPersonBP.upack)
[2022.07.25-08.09.56:878][  0]LogPakFile: OnPakFileMounted2Time == 0.000032
[2022.07.25-08.09.56:879][  0]LogPakFile: PakFile PrimaryIndexSize=183
[2022.07.25-08.09.56:879][  0]LogPakFile: PakFile PathHashIndexSize=101
[2022.07.25-08.09.56:879][  0]LogPakFile: PakFile FullDirectoryIndexSize=140
[2022.07.25-08.09.56:879][  0]LogShaderLibrary: Display: ShaderCodeLibraryPakFileMountedCallback: PakFile 'E:/UE4.27.2/UE_4.27/FeaturePacks/TP_TopDown.upack' (chunk index -1, root 'root:/') mounted
[2022.07.25-08.09.56:879][  0]LogShaderLibrary: Display: ShaderCodeLibraryPakFileMountedCallback: pending pak file info (ChunkID:-1 Root:root:/ File:E:/UE4.27.2/UE_4.27/FeaturePacks/TP_TopDown.upack)
[2022.07.25-08.09.56:879][  0]LogPakFile: OnPakFileMounted2Time == 0.000037
[2022.07.25-08.09.56:881][  0]LogPakFile: PakFile PrimaryIndexSize=185
[2022.07.25-08.09.56:881][  0]LogPakFile: PakFile PathHashIndexSize=101
[2022.07.25-08.09.56:881][  0]LogPakFile: PakFile FullDirectoryIndexSize=144
[2022.07.25-08.09.56:881][  0]LogShaderLibrary: Display: ShaderCodeLibraryPakFileMountedCallback: PakFile 'E:/UE4.27.2/UE_4.27/FeaturePacks/TP_TopDownBP.upack' (chunk index -1, root 'root:/') mounted
[2022.07.25-08.09.56:881][  0]LogShaderLibrary: Display: ShaderCodeLibraryPakFileMountedCallback: pending pak file info (ChunkID:-1 Root:root:/ File:E:/UE4.27.2/UE_4.27/FeaturePacks/TP_TopDownBP.upack)
[2022.07.25-08.09.56:881][  0]LogPakFile: OnPakFileMounted2Time == 0.000032
[2022.07.25-08.09.56:882][  0]LogPakFile: PakFile PrimaryIndexSize=185
[2022.07.25-08.09.56:882][  0]LogPakFile: PakFile PathHashIndexSize=101
[2022.07.25-08.09.56:882][  0]LogPakFile: PakFile FullDirectoryIndexSize=144
[2022.07.25-08.09.56:883][  0]LogShaderLibrary: Display: ShaderCodeLibraryPakFileMountedCallback: PakFile 'E:/UE4.27.2/UE_4.27/FeaturePacks/TP_TwinStick.upack' (chunk index -1, root 'root:/') mounted
[2022.07.25-08.09.56:883][  0]LogShaderLibrary: Display: ShaderCodeLibraryPakFileMountedCallback: pending pak file info (ChunkID:-1 Root:root:/ File:E:/UE4.27.2/UE_4.27/FeaturePacks/TP_TwinStick.upack)
[2022.07.25-08.09.56:883][  0]LogPakFile: OnPakFileMounted2Time == 0.000033
[2022.07.25-08.09.56:884][  0]LogPakFile: PakFile PrimaryIndexSize=187
[2022.07.25-08.09.56:884][  0]LogPakFile: PakFile PathHashIndexSize=101
[2022.07.25-08.09.56:884][  0]LogPakFile: PakFile FullDirectoryIndexSize=148
[2022.07.25-08.09.56:884][  0]LogShaderLibrary: Display: ShaderCodeLibraryPakFileMountedCallback: PakFile 'E:/UE4.27.2/UE_4.27/FeaturePacks/TP_TwinStickBP.upack' (chunk index -1, root 'root:/') mounted
[2022.07.25-08.09.56:884][  0]LogShaderLibrary: Display: ShaderCodeLibraryPakFileMountedCallback: pending pak file info (ChunkID:-1 Root:root:/ File:E:/UE4.27.2/UE_4.27/FeaturePacks/TP_TwinStickBP.upack)
[2022.07.25-08.09.56:884][  0]LogPakFile: OnPakFileMounted2Time == 0.000030
[2022.07.25-08.09.56:886][  0]LogPakFile: PakFile PrimaryIndexSize=183
[2022.07.25-08.09.56:886][  0]LogPakFile: PakFile PathHashIndexSize=101
[2022.07.25-08.09.56:886][  0]LogPakFile: PakFile FullDirectoryIndexSize=140
[2022.07.25-08.09.56:886][  0]LogShaderLibrary: Display: ShaderCodeLibraryPakFileMountedCallback: PakFile 'E:/UE4.27.2/UE_4.27/FeaturePacks/TP_Vehicle.upack' (chunk index -1, root 'root:/') mounted
[2022.07.25-08.09.56:886][  0]LogShaderLibrary: Display: ShaderCodeLibraryPakFileMountedCallback: pending pak file info (ChunkID:-1 Root:root:/ File:E:/UE4.27.2/UE_4.27/FeaturePacks/TP_Vehicle.upack)
[2022.07.25-08.09.56:886][  0]LogPakFile: OnPakFileMounted2Time == 0.000032
[2022.07.25-08.09.56:887][  0]LogPakFile: PakFile PrimaryIndexSize=186
[2022.07.25-08.09.56:887][  0]LogPakFile: PakFile PathHashIndexSize=101
[2022.07.25-08.09.56:887][  0]LogPakFile: PakFile FullDirectoryIndexSize=146
[2022.07.25-08.09.56:887][  0]LogShaderLibrary: Display: ShaderCodeLibraryPakFileMountedCallback: PakFile 'E:/UE4.27.2/UE_4.27/FeaturePacks/TP_VehicleAdv.upack' (chunk index -1, root 'root:/') mounted
[2022.07.25-08.09.56:887][  0]LogShaderLibrary: Display: ShaderCodeLibraryPakFileMountedCallback: pending pak file info (ChunkID:-1 Root:root:/ File:E:/UE4.27.2/UE_4.27/FeaturePacks/TP_VehicleAdv.upack)
[2022.07.25-08.09.56:887][  0]LogPakFile: OnPakFileMounted2Time == 0.000035
[2022.07.25-08.09.56:889][  0]LogPakFile: PakFile PrimaryIndexSize=188
[2022.07.25-08.09.56:889][  0]LogPakFile: PakFile PathHashIndexSize=101
[2022.07.25-08.09.56:889][  0]LogPakFile: PakFile FullDirectoryIndexSize=150
[2022.07.25-08.09.56:889][  0]LogShaderLibrary: Display: ShaderCodeLibraryPakFileMountedCallback: PakFile 'E:/UE4.27.2/UE_4.27/FeaturePacks/TP_VehicleAdvBP.upack' (chunk index -1, root 'root:/') mounted
[2022.07.25-08.09.56:889][  0]LogShaderLibrary: Display: ShaderCodeLibraryPakFileMountedCallback: pending pak file info (ChunkID:-1 Root:root:/ File:E:/UE4.27.2/UE_4.27/FeaturePacks/TP_VehicleAdvBP.upack)
[2022.07.25-08.09.56:889][  0]LogPakFile: OnPakFileMounted2Time == 0.000031
[2022.07.25-08.09.56:890][  0]LogPakFile: PakFile PrimaryIndexSize=185
[2022.07.25-08.09.56:890][  0]LogPakFile: PakFile PathHashIndexSize=101
[2022.07.25-08.09.56:890][  0]LogPakFile: PakFile FullDirectoryIndexSize=144
[2022.07.25-08.09.56:890][  0]LogShaderLibrary: Display: ShaderCodeLibraryPakFileMountedCallback: PakFile 'E:/UE4.27.2/UE_4.27/FeaturePacks/TP_VehicleBP.upack' (chunk index -1, root 'root:/') mounted
[2022.07.25-08.09.56:890][  0]LogShaderLibrary: Display: ShaderCodeLibraryPakFileMountedCallback: pending pak file info (ChunkID:-1 Root:root:/ File:E:/UE4.27.2/UE_4.27/FeaturePacks/TP_VehicleBP.upack)
[2022.07.25-08.09.56:890][  0]LogPakFile: OnPakFileMounted2Time == 0.000038
[2022.07.25-08.09.56:892][  0]LogPakFile: PakFile PrimaryIndexSize=192
[2022.07.25-08.09.56:892][  0]LogPakFile: PakFile PathHashIndexSize=101
[2022.07.25-08.09.56:892][  0]LogPakFile: PakFile FullDirectoryIndexSize=158
[2022.07.25-08.09.56:892][  0]LogShaderLibrary: Display: ShaderCodeLibraryPakFileMountedCallback: PakFile 'E:/UE4.27.2/UE_4.27/FeaturePacks/TP_VirtualRealityBP.upack' (chunk index -1, root 'root:/') mounted
[2022.07.25-08.09.56:892][  0]LogShaderLibrary: Display: ShaderCodeLibraryPakFileMountedCallback: pending pak file info (ChunkID:-1 Root:root:/ File:E:/UE4.27.2/UE_4.27/FeaturePacks/TP_VirtualRealityBP.upack)
[2022.07.25-08.09.56:892][  0]LogPakFile: OnPakFileMounted2Time == 0.000049
[2022.07.25-08.09.56:948][  0]LogNativeClassHierarchy: Verbose: Native class hierarchy updated for 'AddContentDialog' in 0.0003 seconds. Added 0 classes and 0 folders.
[2022.07.25-08.09.56:949][  0]LogNativeClassHierarchy: Verbose: Native class hierarchy updated for 'SceneOutliner' in 0.0003 seconds. Added 2 classes and 0 folders.
[2022.07.25-08.09.57:022][  0]LogSlate: Took 0.000226 seconds to synchronously load lazily loaded font '../../../Engine/Content/Slate/Fonts/Roboto-Regular.ttf' (155K)
[2022.07.25-08.09.57:024][  0]LogSlate: Took 0.001471 seconds to synchronously load lazily loaded font '../../../Engine/Content/Slate/Fonts/DroidSansFallback.ttf' (3848K)
[2022.07.25-08.09.57:024][  0]LogSlate: Took 0.000223 seconds to synchronously load lazily loaded font '../../../Engine/Content/Editor/Slate/Fonts/FontAwesome.ttf' (139K)
[2022.07.25-08.09.57:025][  0]LogSlate: Took 0.000163 seconds to synchronously load lazily loaded font '../../../Engine/Content/Slate/Fonts/Roboto-Bold.ttf' (160K)
[2022.07.25-08.09.57:103][  0]LogRenderer: Reallocating scene render targets to support 916x428 Format 10 NumSamples 1 (Frame:1).
[2022.07.25-08.09.57:182][  0]LogNativeClassHierarchy: Verbose: Native class hierarchy updated for 'HierarchicalLODOutliner' in 0.0003 seconds. Added 0 classes and 0 folders.
[2022.07.25-08.09.57:182][  0]LogLoad: (Engine Initialization) Total time: 7.96 seconds
[2022.07.25-08.09.57:182][  0]LogLoad: (Engine Initialization) Total Blueprint compile time: 0.00 seconds
[2022.07.25-08.09.57:235][  0]LogAssetRegistry: Asset discovery search completed in 4.0288 seconds
[2022.07.25-08.09.57:240][  0]LogCollectionManager: Fixed up redirectors for 0 collections in 0.000003 seconds (updated 0 objects)
[2022.07.25-08.09.57:242][  0]LogContentStreaming: Texture pool size now 1000 MB
[2022.07.25-08.09.57:538][  1]LogFileCache: Retrieving MD5 hashes for directory 'D:/unreal/小试牛刀/开发/strategy-game/策略组的游戏/Content/' took 0.33s
[2022.07.25-08.09.57:877][  2]LogSlate: Took 0.000401 seconds to synchronously load lazily loaded font '../../../Engine/Content/Slate/Fonts/Roboto-Light.ttf' (167K)
[2022.07.25-08.22.08:975][250]LogWindowsTextInputMethodSystem: Display: IME system activated using TSF (微软拼音).
[2022.07.25-08.22.09:901][306]LogUObjectHash: Compacting FUObjectHashTables data took   0.61ms
[2022.07.25-08.22.09:932][306]LogSlate: Window '策略组的游戏 - 虚幻编辑器' being destroyed
[2022.07.25-08.22.10:009][307]Cmd: QUIT_EDITOR
[2022.07.25-08.22.10:009][307]LogCore: Engine exit requested (reason: UUnrealEdEngine::CloseEditor())
[2022.07.25-08.22.10:011][307]LogCore: Engine exit requested (reason: EngineExit() was called; note: exit was already requested)
[2022.07.25-08.22.10:013][307]LogAudio: Display: Beginning Audio Device Manager Shutdown (Module: AudioMixerXAudio2)...
[2022.07.25-08.22.10:013][307]LogAudio: Display: Destroying 1 Remaining Audio Device(s)...
[2022.07.25-08.22.10:013][307]LogAudio: Display: Audio Device unregistered from world 'Untitled_1'.
[2022.07.25-08.22.10:013][307]LogAudioMixer: FMixerPlatformXAudio2::StopAudioStream() called
[2022.07.25-08.22.10:014][307]LogAudioMixer: FMixerPlatformXAudio2::StopAudioStream() called
[2022.07.25-08.22.10:018][307]LogAudio: Display: Audio Device Manager Shutdown
[2022.07.25-08.22.11:754][307]LogWindows: Error: === Critical error: ===
[2022.07.25-08.22.11:754][307]LogWindows: Error: 
[2022.07.25-08.22.11:754][307]LogWindows: Error: Fatal error!
[2022.07.25-08.22.11:754][307]LogWindows: Error: 
[2022.07.25-08.22.11:754][307]LogWindows: Error: Unhandled Exception: EXCEPTION_ACCESS_VIOLATION reading address 0x0000000000000000
[2022.07.25-08.22.11:754][307]LogWindows: Error: 
[2022.07.25-08.22.11:754][307]LogWindows: Error: [Callstack] 0x00007ffe3a02f916 msctf.dll!UnknownFunction []
[2022.07.25-08.22.11:754][307]LogWindows: Error: [Callstack] 0x00007ffe3a0372c7 msctf.dll!UnknownFunction []
[2022.07.25-08.22.11:754][307]LogWindows: Error: [Callstack] 0x00007ffe3a036496 msctf.dll!UnknownFunction []
[2022.07.25-08.22.11:754][307]LogWindows: Error: [Callstack] 0x00007ffe3a036d06 msctf.dll!UnknownFunction []
[2022.07.25-08.22.11:754][307]LogWindows: Error: [Callstack] 0x00007ffe3a022270 msctf.dll!UnknownFunction []
[2022.07.25-08.22.11:754][307]LogWindows: Error: [Callstack] 0x00007ffe3a022165 msctf.dll!UnknownFunction []
[2022.07.25-08.22.11:754][307]LogWindows: Error: [Callstack] 0x00007ffe3a02200f msctf.dll!UnknownFunction []
[2022.07.25-08.22.11:754][307]LogWindows: Error: [Callstack] 0x00007ffe3a7b3de2 IMM32.dll!UnknownFunction []
[2022.07.25-08.22.11:754][307]LogWindows: Error: [Callstack] 0x00007ffe3a7b81ba IMM32.dll!UnknownFunction []
[2022.07.25-08.22.11:754][307]LogWindows: Error: [Callstack] 0x00007ffe3a026f0c msctf.dll!UnknownFunction []
[2022.07.25-08.22.11:754][307]LogWindows: Error: [Callstack] 0x00007ffe3a024e0e msctf.dll!UnknownFunction []
[2022.07.25-08.22.11:754][307]LogWindows: Error: [Callstack] 0x00007ffe3a065122 msctf.dll!UnknownFunction []
[2022.07.25-08.22.11:754][307]LogWindows: Error: [Callstack] 0x00007ffe3a7ba68f IMM32.dll!UnknownFunction []
[2022.07.25-08.22.11:754][307]LogWindows: Error: [Callstack] 0x00007ffe3a7bac0e IMM32.dll!UnknownFunction []
[2022.07.25-08.22.11:754][307]LogWindows: Error: [Callstack] 0x00007ffdff2ebf50 UE4Editor-ApplicationCore.dll!UnknownFunction []
[2022.07.25-08.22.11:754][307]LogWindows: Error: [Callstack] 0x00007ffdff2baa6b UE4Editor-ApplicationCore.dll!UnknownFunction []
[2022.07.25-08.22.11:754][307]LogWindows: Error: [Callstack] 0x00007ffdff2bfd9a UE4Editor-ApplicationCore.dll!UnknownFunction []
[2022.07.25-08.22.11:754][307]LogWindows: Error: [Callstack] 0x00007ffdd367601d UE4Editor-Slate.dll!UnknownFunction []
[2022.07.25-08.22.11:754][307]LogWindows: Error: [Callstack] 0x00007ff7295403be UE4Editor.exe!UnknownFunction []
[2022.07.25-08.22.11:754][307]LogWindows: Error: [Callstack] 0x00007ff729541063 UE4Editor.exe!UnknownFunction []
[2022.07.25-08.22.11:754][307]LogWindows: Error: [Callstack] 0x00007ff7295410ba UE4Editor.exe!UnknownFunction []
[2022.07.25-08.22.11:754][307]LogWindows: Error: [Callstack] 0x00007ff7295440dd UE4Editor.exe!UnknownFunction []
[2022.07.25-08.22.11:754][307]LogWindows: Error: [Callstack] 0x00007ff729555984 UE4Editor.exe!UnknownFunction []
[2022.07.25-08.22.11:754][307]LogWindows: Error: [Callstack] 0x00007ff72955853a UE4Editor.exe!UnknownFunction []
[2022.07.25-08.22.11:754][307]LogWindows: Error: [Callstack] 0x00007ffe3a6954e0 KERNEL32.DLL!UnknownFunction []
[2022.07.25-08.22.11:754][307]LogWindows: Error: [Callstack] 0x00007ffe3b46485b ntdll.dll!UnknownFunction []
[2022.07.25-08.22.11:754][307]LogWindows: Error: 
[2022.07.25-08.22.11:761][307]LogExit: Executing StaticShutdownAfterError
[2022.07.25-08.22.11:764][307]LogWindows: FPlatformMisc::RequestExit(1)
[2022.07.25-08.22.11:764][307]LogWindows: FPlatformMisc::RequestExitWithStatus(1, 3)
[2022.07.25-08.22.11:764][307]LogCore: Engine exit requested (reason: Win RequestExit; note: exit was already requested)
[2022.07.25-08.22.11:865][307]Log file closed, 07/25/22 16:22:11
